{"C:\\Users\\Microsoft\\Desktop\\Sistema-Ilumina\\Front-End-Ilumina\\ilumina\\src\\Components\\AlertContainer.tsx": {"path":"C:\\Users\\Microsoft\\Desktop\\Sistema-Ilumina\\Front-End-Ilumina\\ilumina\\src\\Components\\AlertContainer.tsx","statementMap":{"0":{"start":{"line":6,"column":18},"end":{"line":6,"column":44}},"1":{"start":{"line":8,"column":2},"end":{"line":8,"column":null}},"2":{"start":{"line":8,"column":27},"end":{"line":8,"column":null}},"3":{"start":{"line":10,"column":2},"end":{"line":44,"column":null}},"4":{"start":{"line":13,"column":21},"end":{"line":18,"column":null}},"5":{"start":{"line":20,"column":8},"end":{"line":41,"column":null}},"6":{"start":{"line":36,"column":29},"end":{"line":36,"column":50}}},"fnMap":{"0":{"name":"AlertContainer","decl":{"start":{"line":5,"column":16},"end":{"line":5,"column":33}},"loc":{"start":{"line":5,"column":33},"end":{"line":44,"column":null}},"line":5},"1":{"name":"(anonymous_1)","decl":{"start":{"line":12,"column":14},"end":{"line":12,"column":18}},"loc":{"start":{"line":12,"column":27},"end":{"line":41,"column":null}},"line":12},"2":{"name":"(anonymous_2)","decl":{"start":{"line":36,"column":14},"end":{"line":36,"column":29}},"loc":{"start":{"line":36,"column":29},"end":{"line":36,"column":50}},"line":36}},"branchMap":{"0":{"loc":{"start":{"line":8,"column":2},"end":{"line":8,"column":null}},"type":"if","locations":[{"start":{"line":8,"column":2},"end":{"line":8,"column":null}},{"start":{},"end":{}}],"line":8},"1":{"loc":{"start":{"line":13,"column":21},"end":{"line":18,"column":null}},"type":"binary-expr","locations":[{"start":{"line":13,"column":21},"end":{"line":18,"column":25}},{"start":{"line":18,"column":25},"end":{"line":18,"column":null}}],"line":13},"2":{"loc":{"start":{"line":29,"column":15},"end":{"line":32,"column":null}},"type":"binary-expr","locations":[{"start":{"line":29,"column":15},"end":{"line":29,"column":null}},{"start":{"line":30,"column":16},"end":{"line":32,"column":null}}],"line":29}},"s":{"0":2,"1":2,"2":1,"3":1,"4":2,"5":2,"6":0},"f":{"0":2,"1":2,"2":0},"b":{"0":[1,1],"1":[2,0],"2":[2,2]},"meta":{"lastBranch":3,"lastFunction":3,"lastStatement":7,"seen":{"f:5:16:5:33":0,"s:6:18:6:44":0,"b:8:2:8:Infinity:undefined:undefined:undefined:undefined":0,"s:8:2:8:Infinity":1,"s:8:27:8:Infinity":2,"s:10:2:44:Infinity":3,"f:12:14:12:18":1,"s:13:21:18:Infinity":4,"b:13:21:18:25:18:25:18:Infinity":1,"s:20:8:41:Infinity":5,"b:29:15:29:Infinity:30:16:32:Infinity":2,"f:36:14:36:29":2,"s:36:29:36:50":6}}}
,"C:\\Users\\Microsoft\\Desktop\\Sistema-Ilumina\\Front-End-Ilumina\\ilumina\\src\\Components\\AppSidebar.tsx": {"path":"C:\\Users\\Microsoft\\Desktop\\Sistema-Ilumina\\Front-End-Ilumina\\ilumina\\src\\Components\\AppSidebar.tsx","statementMap":{"0":{"start":{"line":59,"column":30},"end":{"line":84,"column":null}},"1":{"start":{"line":87,"column":20},"end":{"line":87,"column":88}},"2":{"start":{"line":88,"column":10},"end":{"line":88,"column":40}},"3":{"start":{"line":89,"column":18},"end":{"line":89,"column":36}},"4":{"start":{"line":90,"column":10},"end":{"line":90,"column":34}},"5":{"start":{"line":91,"column":8},"end":{"line":91,"column":32}},"6":{"start":{"line":94,"column":29},"end":{"line":94,"column":69}},"7":{"start":{"line":95,"column":22},"end":{"line":101,"column":4}},"8":{"start":{"line":102,"column":23},"end":{"line":102,"column":69}},"9":{"start":{"line":103,"column":19},"end":{"line":103,"column":49}},"10":{"start":{"line":104,"column":17},"end":{"line":104,"column":66}},"11":{"start":{"line":106,"column":8},"end":{"line":107,"column":null}},"12":{"start":{"line":107,"column":4},"end":{"line":107,"column":null}},"13":{"start":{"line":107,"column":26},"end":{"line":107,"column":97}},"14":{"start":{"line":107,"column":66},"end":{"line":107,"column":78}},"15":{"start":{"line":110,"column":8},"end":{"line":120,"column":null}},"16":{"start":{"line":111,"column":4},"end":{"line":117,"column":null}},"17":{"start":{"line":118,"column":4},"end":{"line":118,"column":null}},"18":{"start":{"line":119,"column":4},"end":{"line":119,"column":null}},"19":{"start":{"line":120,"column":4},"end":{"line":120,"column":null}},"20":{"start":{"line":123,"column":28},"end":{"line":163,"column":null}},"21":{"start":{"line":124,"column":4},"end":{"line":124,"column":null}},"22":{"start":{"line":125,"column":4},"end":{"line":125,"column":null}},"23":{"start":{"line":127,"column":4},"end":{"line":163,"column":null}},"24":{"start":{"line":128,"column":21},"end":{"line":133,"column":8}},"25":{"start":{"line":131,"column":43},"end":{"line":131,"column":63}},"26":{"start":{"line":132,"column":52},"end":{"line":132,"column":72}},"27":{"start":{"line":135,"column":6},"end":{"line":135,"column":null}},"28":{"start":{"line":137,"column":23},"end":{"line":137,"column":37}},"29":{"start":{"line":138,"column":6},"end":{"line":138,"column":null}},"30":{"start":{"line":139,"column":6},"end":{"line":139,"column":null}},"31":{"start":{"line":140,"column":6},"end":{"line":141,"column":null}},"32":{"start":{"line":141,"column":8},"end":{"line":141,"column":null}},"33":{"start":{"line":143,"column":6},"end":{"line":144,"column":null}},"34":{"start":{"line":144,"column":8},"end":{"line":144,"column":null}},"35":{"start":{"line":147,"column":6},"end":{"line":149,"column":null}},"36":{"start":{"line":151,"column":6},"end":{"line":151,"column":null}},"37":{"start":{"line":152,"column":6},"end":{"line":152,"column":null}},"38":{"start":{"line":154,"column":6},"end":{"line":160,"column":null}},"39":{"start":{"line":155,"column":50},"end":{"line":155,"column":52}},"40":{"start":{"line":156,"column":8},"end":{"line":156,"column":null}},"41":{"start":{"line":156,"column":33},"end":{"line":156,"column":77}},"42":{"start":{"line":156,"column":45},"end":{"line":156,"column":77}},"43":{"start":{"line":157,"column":8},"end":{"line":157,"column":null}},"44":{"start":{"line":159,"column":8},"end":{"line":159,"column":null}},"45":{"start":{"line":160,"column":8},"end":{"line":160,"column":null}},"46":{"start":{"line":163,"column":6},"end":{"line":163,"column":null}},"47":{"start":{"line":167,"column":8},"end":{"line":193,"column":null}},"48":{"start":{"line":168,"column":4},"end":{"line":182,"column":null}},"49":{"start":{"line":169,"column":6},"end":{"line":182,"column":null}},"50":{"start":{"line":174,"column":12},"end":{"line":177,"column":null}},"51":{"start":{"line":186,"column":4},"end":{"line":193,"column":null}},"52":{"start":{"line":197,"column":8},"end":{"line":216,"column":null}},"53":{"start":{"line":198,"column":4},"end":{"line":216,"column":null}},"54":{"start":{"line":220,"column":8},"end":{"line":231,"column":null}},"55":{"start":{"line":221,"column":10},"end":{"line":223,"column":null}},"56":{"start":{"line":222,"column":6},"end":{"line":222,"column":null}},"57":{"start":{"line":223,"column":6},"end":{"line":223,"column":null}},"58":{"start":{"line":226,"column":4},"end":{"line":231,"column":null}},"59":{"start":{"line":237,"column":2},"end":{"line":495,"column":null}},"60":{"start":{"line":254,"column":31},"end":{"line":254,"column":59}},"61":{"start":{"line":284,"column":37},"end":{"line":284,"column":null}},"62":{"start":{"line":285,"column":24},"end":{"line":287,"column":null}},"63":{"start":{"line":286,"column":26},"end":{"line":286,"column":null}},"64":{"start":{"line":287,"column":26},"end":{"line":287,"column":null}},"65":{"start":{"line":303,"column":37},"end":{"line":303,"column":null}},"66":{"start":{"line":314,"column":37},"end":{"line":314,"column":null}},"67":{"start":{"line":327,"column":39},"end":{"line":327,"column":null}},"68":{"start":{"line":338,"column":39},"end":{"line":338,"column":null}},"69":{"start":{"line":396,"column":18},"end":{"line":447,"column":null}},"70":{"start":{"line":400,"column":41},"end":{"line":400,"column":63}},"71":{"start":{"line":418,"column":45},"end":{"line":418,"column":100}},"72":{"start":{"line":419,"column":42},"end":{"line":419,"column":60}},"73":{"start":{"line":428,"column":26},"end":{"line":431,"column":null}},"74":{"start":{"line":473,"column":36},"end":{"line":473,"column":41}}},"fnMap":{"0":{"name":"AppSidebar","decl":{"start":{"line":86,"column":16},"end":{"line":86,"column":29}},"loc":{"start":{"line":86,"column":29},"end":{"line":495,"column":null}},"line":86},"1":{"name":"(anonymous_1)","decl":{"start":{"line":106,"column":8},"end":{"line":106,"column":22}},"loc":{"start":{"line":106,"column":40},"end":{"line":107,"column":null}},"line":106},"2":{"name":"(anonymous_2)","decl":{"start":{"line":107,"column":4},"end":{"line":107,"column":17}},"loc":{"start":{"line":107,"column":26},"end":{"line":107,"column":97}},"line":107},"3":{"name":"(anonymous_3)","decl":{"start":{"line":107,"column":54},"end":{"line":107,"column":61}},"loc":{"start":{"line":107,"column":66},"end":{"line":107,"column":78}},"line":107},"4":{"name":"(anonymous_4)","decl":{"start":{"line":110,"column":8},"end":{"line":110,"column":39}},"loc":{"start":{"line":110,"column":39},"end":{"line":120,"column":null}},"line":110},"5":{"name":"(anonymous_5)","decl":{"start":{"line":123,"column":28},"end":{"line":123,"column":40}},"loc":{"start":{"line":123,"column":40},"end":{"line":163,"column":null}},"line":123},"6":{"name":"(anonymous_6)","decl":{"start":{"line":131,"column":28},"end":{"line":131,"column":38}},"loc":{"start":{"line":131,"column":43},"end":{"line":131,"column":63}},"line":131},"7":{"name":"(anonymous_7)","decl":{"start":{"line":132,"column":37},"end":{"line":132,"column":47}},"loc":{"start":{"line":132,"column":52},"end":{"line":132,"column":72}},"line":132},"8":{"name":"(anonymous_8)","decl":{"start":{"line":156,"column":18},"end":{"line":156,"column":26}},"loc":{"start":{"line":156,"column":31},"end":{"line":156,"column":null}},"line":156},"9":{"name":"(anonymous_9)","decl":{"start":{"line":167,"column":8},"end":{"line":167,"column":25}},"loc":{"start":{"line":167,"column":42},"end":{"line":193,"column":null}},"line":167},"10":{"name":"(anonymous_10)","decl":{"start":{"line":173,"column":10},"end":{"line":173,"column":22}},"loc":{"start":{"line":174,"column":12},"end":{"line":177,"column":null}},"line":174},"11":{"name":"(anonymous_11)","decl":{"start":{"line":197,"column":8},"end":{"line":197,"column":33}},"loc":{"start":{"line":197,"column":33},"end":{"line":216,"column":null}},"line":197},"12":{"name":"(anonymous_12)","decl":{"start":{"line":220,"column":8},"end":{"line":220,"column":31}},"loc":{"start":{"line":220,"column":31},"end":{"line":231,"column":null}},"line":220},"13":{"name":"(anonymous_13)","decl":{"start":{"line":221,"column":10},"end":{"line":221,"column":31}},"loc":{"start":{"line":221,"column":31},"end":{"line":223,"column":null}},"line":221},"14":{"name":"(anonymous_14)","decl":{"start":{"line":254,"column":16},"end":{"line":254,"column":31}},"loc":{"start":{"line":254,"column":31},"end":{"line":254,"column":59}},"line":254},"15":{"name":"(anonymous_15)","decl":{"start":{"line":283,"column":22},"end":{"line":283,"column":33}},"loc":{"start":{"line":283,"column":39},"end":{"line":287,"column":null}},"line":283},"16":{"name":"(anonymous_16)","decl":{"start":{"line":303,"column":20},"end":{"line":303,"column":31}},"loc":{"start":{"line":303,"column":37},"end":{"line":303,"column":null}},"line":303},"17":{"name":"(anonymous_17)","decl":{"start":{"line":314,"column":20},"end":{"line":314,"column":31}},"loc":{"start":{"line":314,"column":37},"end":{"line":314,"column":null}},"line":314},"18":{"name":"(anonymous_18)","decl":{"start":{"line":327,"column":22},"end":{"line":327,"column":33}},"loc":{"start":{"line":327,"column":39},"end":{"line":327,"column":null}},"line":327},"19":{"name":"(anonymous_19)","decl":{"start":{"line":338,"column":22},"end":{"line":338,"column":33}},"loc":{"start":{"line":338,"column":39},"end":{"line":338,"column":null}},"line":338},"20":{"name":"(anonymous_20)","decl":{"start":{"line":395,"column":27},"end":{"line":395,"column":31}},"loc":{"start":{"line":396,"column":18},"end":{"line":447,"column":null}},"line":396},"21":{"name":"(anonymous_21)","decl":{"start":{"line":400,"column":26},"end":{"line":400,"column":41}},"loc":{"start":{"line":400,"column":41},"end":{"line":400,"column":63}},"line":400},"22":{"name":"(anonymous_22)","decl":{"start":{"line":418,"column":31},"end":{"line":418,"column":38}},"loc":{"start":{"line":418,"column":45},"end":{"line":418,"column":100}},"line":418},"23":{"name":"(anonymous_23)","decl":{"start":{"line":419,"column":31},"end":{"line":419,"column":35}},"loc":{"start":{"line":419,"column":42},"end":{"line":419,"column":60}},"line":419},"24":{"name":"(anonymous_24)","decl":{"start":{"line":427,"column":24},"end":{"line":427,"column":36}},"loc":{"start":{"line":428,"column":26},"end":{"line":431,"column":null}},"line":428},"25":{"name":"(anonymous_25)","decl":{"start":{"line":473,"column":27},"end":{"line":473,"column":31}},"loc":{"start":{"line":473,"column":36},"end":{"line":473,"column":41}},"line":473}},"branchMap":{"0":{"loc":{"start":{"line":107,"column":26},"end":{"line":107,"column":97}},"type":"cond-expr","locations":[{"start":{"line":107,"column":49},"end":{"line":107,"column":78}},{"start":{"line":107,"column":81},"end":{"line":107,"column":97}}],"line":107},"1":{"loc":{"start":{"line":112,"column":21},"end":{"line":112,"column":null}},"type":"binary-expr","locations":[{"start":{"line":112,"column":21},"end":{"line":112,"column":44}},{"start":{"line":112,"column":44},"end":{"line":112,"column":null}}],"line":112},"2":{"loc":{"start":{"line":113,"column":13},"end":{"line":113,"column":null}},"type":"binary-expr","locations":[{"start":{"line":113,"column":13},"end":{"line":113,"column":28}},{"start":{"line":113,"column":28},"end":{"line":113,"column":null}}],"line":113},"3":{"loc":{"start":{"line":116,"column":23},"end":{"line":116,"column":null}},"type":"binary-expr","locations":[{"start":{"line":116,"column":23},"end":{"line":116,"column":48}},{"start":{"line":116,"column":48},"end":{"line":116,"column":null}}],"line":116},"4":{"loc":{"start":{"line":131,"column":43},"end":{"line":131,"column":63}},"type":"cond-expr","locations":[{"start":{"line":131,"column":54},"end":{"line":131,"column":61}},{"start":{"line":131,"column":61},"end":{"line":131,"column":63}}],"line":131},"5":{"loc":{"start":{"line":132,"column":52},"end":{"line":132,"column":72}},"type":"cond-expr","locations":[{"start":{"line":132,"column":63},"end":{"line":132,"column":70}},{"start":{"line":132,"column":70},"end":{"line":132,"column":72}}],"line":132},"6":{"loc":{"start":{"line":140,"column":6},"end":{"line":141,"column":null}},"type":"if","locations":[{"start":{"line":140,"column":6},"end":{"line":141,"column":null}},{"start":{},"end":{}}],"line":140},"7":{"loc":{"start":{"line":143,"column":6},"end":{"line":144,"column":null}},"type":"if","locations":[{"start":{"line":143,"column":6},"end":{"line":144,"column":null}},{"start":{},"end":{}}],"line":143},"8":{"loc":{"start":{"line":154,"column":6},"end":{"line":160,"column":null}},"type":"if","locations":[{"start":{"line":154,"column":6},"end":{"line":160,"column":null}},{"start":{"line":158,"column":13},"end":{"line":160,"column":null}}],"line":154},"9":{"loc":{"start":{"line":156,"column":33},"end":{"line":156,"column":77}},"type":"if","locations":[{"start":{"line":156,"column":33},"end":{"line":156,"column":77}},{"start":{},"end":{}}],"line":156},"10":{"loc":{"start":{"line":168,"column":4},"end":{"line":182,"column":null}},"type":"if","locations":[{"start":{"line":168,"column":4},"end":{"line":182,"column":null}},{"start":{},"end":{}}],"line":168},"11":{"loc":{"start":{"line":175,"column":14},"end":{"line":177,"column":null}},"type":"cond-expr","locations":[{"start":{"line":176,"column":18},"end":{"line":176,"column":null}},{"start":{"line":177,"column":18},"end":{"line":177,"column":null}}],"line":175},"12":{"loc":{"start":{"line":240,"column":7},"end":{"line":366,"column":7}},"type":"binary-expr","locations":[{"start":{"line":240,"column":7},"end":{"line":240,"column":null}},{"start":{"line":241,"column":8},"end":{"line":366,"column":7}}],"line":240},"13":{"loc":{"start":{"line":264,"column":85},"end":{"line":264,"column":138}},"type":"cond-expr","locations":[{"start":{"line":264,"column":99},"end":{"line":264,"column":118}},{"start":{"line":264,"column":118},"end":{"line":264,"column":138}}],"line":264},"14":{"loc":{"start":{"line":265,"column":21},"end":{"line":274,"column":null}},"type":"cond-expr","locations":[{"start":{"line":266,"column":22},"end":{"line":272,"column":23}},{"start":{"line":272,"column":22},"end":{"line":274,"column":null}}],"line":265},"15":{"loc":{"start":{"line":267,"column":29},"end":{"line":267,"column":null}},"type":"cond-expr","locations":[{"start":{"line":267,"column":78},"end":{"line":267,"column":108}},{"start":{"line":267,"column":108},"end":{"line":267,"column":null}}],"line":267},"16":{"loc":{"start":{"line":285,"column":24},"end":{"line":287,"column":null}},"type":"if","locations":[{"start":{"line":285,"column":24},"end":{"line":287,"column":null}},{"start":{},"end":{}}],"line":285},"17":{"loc":{"start":{"line":301,"column":145},"end":{"line":301,"column":null}},"type":"cond-expr","locations":[{"start":{"line":301,"column":168},"end":{"line":301,"column":187}},{"start":{"line":301,"column":187},"end":{"line":301,"column":null}}],"line":301},"18":{"loc":{"start":{"line":305,"column":19},"end":{"line":305,"column":null}},"type":"binary-expr","locations":[{"start":{"line":305,"column":19},"end":{"line":305,"column":43}},{"start":{"line":305,"column":43},"end":{"line":305,"column":null}}],"line":305},"19":{"loc":{"start":{"line":312,"column":145},"end":{"line":312,"column":null}},"type":"cond-expr","locations":[{"start":{"line":312,"column":160},"end":{"line":312,"column":179}},{"start":{"line":312,"column":179},"end":{"line":312,"column":null}}],"line":312},"20":{"loc":{"start":{"line":316,"column":19},"end":{"line":316,"column":null}},"type":"binary-expr","locations":[{"start":{"line":316,"column":19},"end":{"line":316,"column":35}},{"start":{"line":316,"column":35},"end":{"line":316,"column":null}}],"line":316},"21":{"loc":{"start":{"line":325,"column":147},"end":{"line":325,"column":null}},"type":"cond-expr","locations":[{"start":{"line":325,"column":162},"end":{"line":325,"column":181}},{"start":{"line":325,"column":181},"end":{"line":325,"column":null}}],"line":325},"22":{"loc":{"start":{"line":329,"column":21},"end":{"line":329,"column":null}},"type":"binary-expr","locations":[{"start":{"line":329,"column":21},"end":{"line":329,"column":37}},{"start":{"line":329,"column":37},"end":{"line":329,"column":null}}],"line":329},"23":{"loc":{"start":{"line":336,"column":147},"end":{"line":336,"column":null}},"type":"cond-expr","locations":[{"start":{"line":336,"column":171},"end":{"line":336,"column":190}},{"start":{"line":336,"column":190},"end":{"line":336,"column":null}}],"line":336},"24":{"loc":{"start":{"line":340,"column":21},"end":{"line":340,"column":null}},"type":"binary-expr","locations":[{"start":{"line":340,"column":21},"end":{"line":340,"column":46}},{"start":{"line":340,"column":46},"end":{"line":340,"column":null}}],"line":340},"25":{"loc":{"start":{"line":352,"column":17},"end":{"line":358,"column":null}},"type":"cond-expr","locations":[{"start":{"line":353,"column":18},"end":{"line":355,"column":null}},{"start":{"line":355,"column":18},"end":{"line":358,"column":null}}],"line":352},"26":{"loc":{"start":{"line":397,"column":21},"end":{"line":447,"column":null}},"type":"cond-expr","locations":[{"start":{"line":398,"column":22},"end":{"line":422,"column":null}},{"start":{"line":423,"column":24},"end":{"line":447,"column":null}}],"line":397},"27":{"loc":{"start":{"line":407,"column":30},"end":{"line":407,"column":null}},"type":"cond-expr","locations":[{"start":{"line":407,"column":63},"end":{"line":407,"column":78}},{"start":{"line":407,"column":78},"end":{"line":407,"column":null}}],"line":407},"28":{"loc":{"start":{"line":412,"column":25},"end":{"line":422,"column":null}},"type":"binary-expr","locations":[{"start":{"line":412,"column":25},"end":{"line":412,"column":55}},{"start":{"line":413,"column":26},"end":{"line":422,"column":null}}],"line":412},"29":{"loc":{"start":{"line":418,"column":45},"end":{"line":418,"column":100}},"type":"binary-expr","locations":[{"start":{"line":418,"column":45},"end":{"line":418,"column":64}},{"start":{"line":418,"column":64},"end":{"line":418,"column":100}}],"line":418},"30":{"loc":{"start":{"line":423,"column":24},"end":{"line":447,"column":null}},"type":"cond-expr","locations":[{"start":{"line":424,"column":22},"end":{"line":439,"column":23}},{"start":{"line":439,"column":22},"end":{"line":447,"column":null}}],"line":423},"31":{"loc":{"start":{"line":429,"column":28},"end":{"line":431,"column":null}},"type":"cond-expr","locations":[{"start":{"line":430,"column":32},"end":{"line":430,"column":null}},{"start":{"line":431,"column":32},"end":{"line":431,"column":null}}],"line":429},"32":{"loc":{"start":{"line":458,"column":17},"end":{"line":478,"column":null}},"type":"cond-expr","locations":[{"start":{"line":459,"column":18},"end":{"line":469,"column":19}},{"start":{"line":469,"column":18},"end":{"line":478,"column":null}}],"line":458},"33":{"loc":{"start":{"line":461,"column":22},"end":{"line":463,"column":null}},"type":"cond-expr","locations":[{"start":{"line":462,"column":26},"end":{"line":462,"column":null}},{"start":{"line":463,"column":26},"end":{"line":463,"column":null}}],"line":461},"34":{"loc":{"start":{"line":470,"column":21},"end":{"line":477,"column":null}},"type":"cond-expr","locations":[{"start":{"line":471,"column":24},"end":{"line":476,"column":42}},{"start":{"line":477,"column":24},"end":{"line":477,"column":null}}],"line":470},"35":{"loc":{"start":{"line":483,"column":19},"end":{"line":483,"column":null}},"type":"binary-expr","locations":[{"start":{"line":483,"column":19},"end":{"line":483,"column":42}},{"start":{"line":483,"column":42},"end":{"line":483,"column":null}}],"line":483},"36":{"loc":{"start":{"line":486,"column":19},"end":{"line":486,"column":null}},"type":"cond-expr","locations":[{"start":{"line":486,"column":57},"end":{"line":486,"column":73}},{"start":{"line":486,"column":73},"end":{"line":486,"column":null}}],"line":486}},"s":{"0":2,"1":1,"2":1,"3":1,"4":1,"5":1,"6":1,"7":1,"8":1,"9":1,"10":1,"11":1,"12":0,"13":0,"14":0,"15":1,"16":0,"17":0,"18":0,"19":0,"20":1,"21":0,"22":0,"23":0,"24":0,"25":0,"26":0,"27":0,"28":0,"29":0,"30":0,"31":0,"32":0,"33":0,"34":0,"35":0,"36":0,"37":0,"38":0,"39":0,"40":0,"41":0,"42":0,"43":0,"44":0,"45":0,"46":0,"47":1,"48":7,"49":7,"50":7,"51":0,"52":1,"53":1,"54":1,"55":1,"56":0,"57":0,"58":1,"59":1,"60":0,"61":0,"62":0,"63":0,"64":0,"65":0,"66":0,"67":0,"68":0,"69":7,"70":0,"71":7,"72":7,"73":5,"74":2},"f":{"0":1,"1":0,"2":0,"3":0,"4":0,"5":0,"6":0,"7":0,"8":0,"9":7,"10":7,"11":1,"12":1,"13":0,"14":0,"15":0,"16":0,"17":0,"18":0,"19":0,"20":7,"21":0,"22":7,"23":7,"24":5,"25":2},"b":{"0":[0,0],"1":[0,0],"2":[0,0],"3":[0,0],"4":[0,0],"5":[0,0],"6":[0,0],"7":[0,0],"8":[0,0],"9":[0,0],"10":[7,0],"11":[0,7],"12":[1,0],"13":[0,0],"14":[0,0],"15":[0,0],"16":[0,0],"17":[0,0],"18":[0,0],"19":[0,0],"20":[0,0],"21":[0,0],"22":[0,0],"23":[0,0],"24":[0,0],"25":[0,0],"26":[2,5],"27":[2,0],"28":[2,2],"29":[7,1],"30":[5,0],"31":[0,5],"32":[0,1],"33":[0,0],"34":[1,0],"35":[1,0],"36":[1,0]},"meta":{"lastBranch":37,"lastFunction":26,"lastStatement":75,"seen":{"s:59:30:84:Infinity":0,"f:86:16:86:29":0,"s:87:20:87:88":1,"s:88:10:88:40":2,"s:89:18:89:36":3,"s:90:10:90:34":4,"s:91:8:91:32":5,"s:94:29:94:69":6,"s:95:22:101:4":7,"s:102:23:102:69":8,"s:103:19:103:49":9,"s:104:17:104:66":10,"s:106:8:107:Infinity":11,"f:106:8:106:22":1,"s:107:4:107:Infinity":12,"f:107:4:107:17":2,"s:107:26:107:97":13,"b:107:49:107:78:107:81:107:97":0,"f:107:54:107:61":3,"s:107:66:107:78":14,"s:110:8:120:Infinity":15,"f:110:8:110:39":4,"s:111:4:117:Infinity":16,"b:112:21:112:44:112:44:112:Infinity":1,"b:113:13:113:28:113:28:113:Infinity":2,"b:116:23:116:48:116:48:116:Infinity":3,"s:118:4:118:Infinity":17,"s:119:4:119:Infinity":18,"s:120:4:120:Infinity":19,"s:123:28:163:Infinity":20,"f:123:28:123:40":5,"s:124:4:124:Infinity":21,"s:125:4:125:Infinity":22,"s:127:4:163:Infinity":23,"s:128:21:133:8":24,"f:131:28:131:38":6,"s:131:43:131:63":25,"b:131:54:131:61:131:61:131:63":4,"f:132:37:132:47":7,"s:132:52:132:72":26,"b:132:63:132:70:132:70:132:72":5,"s:135:6:135:Infinity":27,"s:137:23:137:37":28,"s:138:6:138:Infinity":29,"s:139:6:139:Infinity":30,"b:140:6:141:Infinity:undefined:undefined:undefined:undefined":6,"s:140:6:141:Infinity":31,"s:141:8:141:Infinity":32,"b:143:6:144:Infinity:undefined:undefined:undefined:undefined":7,"s:143:6:144:Infinity":33,"s:144:8:144:Infinity":34,"s:147:6:149:Infinity":35,"s:151:6:151:Infinity":36,"s:152:6:152:Infinity":37,"b:154:6:160:Infinity:158:13:160:Infinity":8,"s:154:6:160:Infinity":38,"s:155:50:155:52":39,"s:156:8:156:Infinity":40,"f:156:18:156:26":8,"b:156:33:156:77:undefined:undefined:undefined:undefined":9,"s:156:33:156:77":41,"s:156:45:156:77":42,"s:157:8:157:Infinity":43,"s:159:8:159:Infinity":44,"s:160:8:160:Infinity":45,"s:163:6:163:Infinity":46,"s:167:8:193:Infinity":47,"f:167:8:167:25":9,"b:168:4:182:Infinity:undefined:undefined:undefined:undefined":10,"s:168:4:182:Infinity":48,"s:169:6:182:Infinity":49,"f:173:10:173:22":10,"s:174:12:177:Infinity":50,"b:176:18:176:Infinity:177:18:177:Infinity":11,"s:186:4:193:Infinity":51,"s:197:8:216:Infinity":52,"f:197:8:197:33":11,"s:198:4:216:Infinity":53,"s:220:8:231:Infinity":54,"f:220:8:220:31":12,"s:221:10:223:Infinity":55,"f:221:10:221:31":13,"s:222:6:222:Infinity":56,"s:223:6:223:Infinity":57,"s:226:4:231:Infinity":58,"s:237:2:495:Infinity":59,"b:240:7:240:Infinity:241:8:366:7":12,"f:254:16:254:31":14,"s:254:31:254:59":60,"b:264:99:264:118:264:118:264:138":13,"b:266:22:272:23:272:22:274:Infinity":14,"b:267:78:267:108:267:108:267:Infinity":15,"f:283:22:283:33":15,"s:284:37:284:Infinity":61,"b:285:24:287:Infinity:undefined:undefined:undefined:undefined":16,"s:285:24:287:Infinity":62,"s:286:26:286:Infinity":63,"s:287:26:287:Infinity":64,"b:301:168:301:187:301:187:301:Infinity":17,"f:303:20:303:31":16,"s:303:37:303:Infinity":65,"b:305:19:305:43:305:43:305:Infinity":18,"b:312:160:312:179:312:179:312:Infinity":19,"f:314:20:314:31":17,"s:314:37:314:Infinity":66,"b:316:19:316:35:316:35:316:Infinity":20,"b:325:162:325:181:325:181:325:Infinity":21,"f:327:22:327:33":18,"s:327:39:327:Infinity":67,"b:329:21:329:37:329:37:329:Infinity":22,"b:336:171:336:190:336:190:336:Infinity":23,"f:338:22:338:33":19,"s:338:39:338:Infinity":68,"b:340:21:340:46:340:46:340:Infinity":24,"b:353:18:355:Infinity:355:18:358:Infinity":25,"f:395:27:395:31":20,"s:396:18:447:Infinity":69,"b:398:22:422:Infinity:423:24:447:Infinity":26,"f:400:26:400:41":21,"s:400:41:400:63":70,"b:407:63:407:78:407:78:407:Infinity":27,"b:412:25:412:55:413:26:422:Infinity":28,"f:418:31:418:38":22,"s:418:45:418:100":71,"b:418:45:418:64:418:64:418:100":29,"f:419:31:419:35":23,"s:419:42:419:60":72,"b:424:22:439:23:439:22:447:Infinity":30,"f:427:24:427:36":24,"s:428:26:431:Infinity":73,"b:430:32:430:Infinity:431:32:431:Infinity":31,"b:459:18:469:19:469:18:478:Infinity":32,"b:462:26:462:Infinity:463:26:463:Infinity":33,"b:471:24:476:42:477:24:477:Infinity":34,"f:473:27:473:31":25,"s:473:36:473:41":74,"b:483:19:483:42:483:42:483:Infinity":35,"b:486:57:486:73:486:73:486:Infinity":36}}}
,"C:\\Users\\Microsoft\\Desktop\\Sistema-Ilumina\\Front-End-Ilumina\\ilumina\\src\\Components\\AuthGuard.tsx": {"path":"C:\\Users\\Microsoft\\Desktop\\Sistema-Ilumina\\Front-End-Ilumina\\ilumina\\src\\Components\\AuthGuard.tsx","statementMap":{"0":{"start":{"line":7,"column":41},"end":{"line":7,"column":62}},"1":{"start":{"line":9,"column":2},"end":{"line":13,"column":null}},"2":{"start":{"line":10,"column":4},"end":{"line":13,"column":null}},"3":{"start":{"line":17,"column":2},"end":{"line":18,"column":null}},"4":{"start":{"line":18,"column":4},"end":{"line":18,"column":null}},"5":{"start":{"line":22,"column":2},"end":{"line":26,"column":null}},"6":{"start":{"line":23,"column":4},"end":{"line":26,"column":null}},"7":{"start":{"line":31,"column":25},"end":{"line":31,"column":94}},"8":{"start":{"line":32,"column":26},"end":{"line":32,"column":111}},"9":{"start":{"line":34,"column":2},"end":{"line":70,"column":null}},"10":{"start":{"line":35,"column":4},"end":{"line":70,"column":null}},"11":{"start":{"line":61,"column":28},"end":{"line":61,"column":36}},"12":{"start":{"line":77,"column":2},"end":{"line":77,"column":null}}},"fnMap":{"0":{"name":"AuthGuard","decl":{"start":{"line":6,"column":16},"end":{"line":6,"column":26}},"loc":{"start":{"line":6,"column":65},"end":{"line":77,"column":null}},"line":6},"1":{"name":"(anonymous_1)","decl":{"start":{"line":61,"column":13},"end":{"line":61,"column":28}},"loc":{"start":{"line":61,"column":28},"end":{"line":61,"column":36}},"line":61}},"branchMap":{"0":{"loc":{"start":{"line":9,"column":2},"end":{"line":13,"column":null}},"type":"if","locations":[{"start":{"line":9,"column":2},"end":{"line":13,"column":null}},{"start":{},"end":{}}],"line":9},"1":{"loc":{"start":{"line":17,"column":2},"end":{"line":18,"column":null}},"type":"if","locations":[{"start":{"line":17,"column":2},"end":{"line":18,"column":null}},{"start":{},"end":{}}],"line":17},"2":{"loc":{"start":{"line":22,"column":2},"end":{"line":26,"column":null}},"type":"if","locations":[{"start":{"line":22,"column":2},"end":{"line":26,"column":null}},{"start":{},"end":{}}],"line":22},"3":{"loc":{"start":{"line":31,"column":25},"end":{"line":31,"column":94}},"type":"binary-expr","locations":[{"start":{"line":31,"column":25},"end":{"line":31,"column":48}},{"start":{"line":31,"column":48},"end":{"line":31,"column":94}}],"line":31},"4":{"loc":{"start":{"line":32,"column":26},"end":{"line":32,"column":111}},"type":"binary-expr","locations":[{"start":{"line":32,"column":26},"end":{"line":32,"column":55}},{"start":{"line":32,"column":55},"end":{"line":32,"column":111}}],"line":32},"5":{"loc":{"start":{"line":34,"column":2},"end":{"line":70,"column":null}},"type":"if","locations":[{"start":{"line":34,"column":2},"end":{"line":70,"column":null}},{"start":{},"end":{}}],"line":34},"6":{"loc":{"start":{"line":34,"column":6},"end":{"line":34,"column":68}},"type":"binary-expr","locations":[{"start":{"line":34,"column":6},"end":{"line":34,"column":31}},{"start":{"line":34,"column":31},"end":{"line":34,"column":50}},{"start":{"line":34,"column":50},"end":{"line":34,"column":68}}],"line":34}},"s":{"0":4,"1":4,"2":1,"3":3,"4":0,"5":3,"6":0,"7":3,"8":4,"9":4,"10":1,"11":0,"12":2},"f":{"0":4,"1":0},"b":{"0":[1,3],"1":[0,3],"2":[0,3],"3":[3,2],"4":[4,0],"5":[1,3],"6":[4,2,1]},"meta":{"lastBranch":7,"lastFunction":2,"lastStatement":13,"seen":{"f:6:16:6:26":0,"s:7:41:7:62":0,"b:9:2:13:Infinity:undefined:undefined:undefined:undefined":0,"s:9:2:13:Infinity":1,"s:10:4:13:Infinity":2,"b:17:2:18:Infinity:undefined:undefined:undefined:undefined":1,"s:17:2:18:Infinity":3,"s:18:4:18:Infinity":4,"b:22:2:26:Infinity:undefined:undefined:undefined:undefined":2,"s:22:2:26:Infinity":5,"s:23:4:26:Infinity":6,"s:31:25:31:94":7,"b:31:25:31:48:31:48:31:94":3,"s:32:26:32:111":8,"b:32:26:32:55:32:55:32:111":4,"b:34:2:70:Infinity:undefined:undefined:undefined:undefined":5,"s:34:2:70:Infinity":9,"b:34:6:34:31:34:31:34:50:34:50:34:68":6,"s:35:4:70:Infinity":10,"f:61:13:61:28":1,"s:61:28:61:36":11,"s:77:2:77:Infinity":12}}}
,"C:\\Users\\Microsoft\\Desktop\\Sistema-Ilumina\\Front-End-Ilumina\\ilumina\\src\\Components\\ChangePasswordModal.tsx": {"path":"C:\\Users\\Microsoft\\Desktop\\Sistema-Ilumina\\Front-End-Ilumina\\ilumina\\src\\Components\\ChangePasswordModal.tsx","statementMap":{"0":{"start":{"line":11,"column":36},"end":{"line":17,"column":null}},"1":{"start":{"line":19,"column":15},"end":{"line":32,"column":2}},"2":{"start":{"line":42,"column":23},"end":{"line":42,"column":57}},"3":{"start":{"line":43,"column":10},"end":{"line":43,"column":34}},"4":{"start":{"line":49,"column":17},"end":{"line":53,"column":4}},"5":{"start":{"line":55,"column":25},"end":{"line":55,"column":47}},"6":{"start":{"line":57,"column":24},"end":{"line":63,"column":null}},"7":{"start":{"line":65,"column":19},"end":{"line":80,"column":null}},"8":{"start":{"line":66,"column":4},"end":{"line":66,"column":null}},"9":{"start":{"line":67,"column":4},"end":{"line":80,"column":null}},"10":{"start":{"line":69,"column":6},"end":{"line":71,"column":null}},"11":{"start":{"line":73,"column":6},"end":{"line":73,"column":null}},"12":{"start":{"line":74,"column":6},"end":{"line":74,"column":null}},"13":{"start":{"line":76,"column":6},"end":{"line":76,"column":null}},"14":{"start":{"line":77,"column":22},"end":{"line":77,"column":null}},"15":{"start":{"line":78,"column":6},"end":{"line":78,"column":null}},"16":{"start":{"line":80,"column":6},"end":{"line":80,"column":null}},"17":{"start":{"line":84,"column":2},"end":{"line":84,"column":null}},"18":{"start":{"line":84,"column":15},"end":{"line":84,"column":null}},"19":{"start":{"line":86,"column":2},"end":{"line":158,"column":null}},"20":{"start":{"line":138,"column":19},"end":{"line":145,"column":null}}},"fnMap":{"0":{"name":"ChangePasswordModal","decl":{"start":{"line":41,"column":16},"end":{"line":41,"column":36}},"loc":{"start":{"line":41,"column":85},"end":{"line":158,"column":null}},"line":41},"1":{"name":"(anonymous_1)","decl":{"start":{"line":65,"column":19},"end":{"line":65,"column":26}},"loc":{"start":{"line":65,"column":45},"end":{"line":80,"column":null}},"line":65},"2":{"name":"(anonymous_2)","decl":{"start":{"line":137,"column":32},"end":{"line":137,"column":37}},"loc":{"start":{"line":138,"column":19},"end":{"line":145,"column":null}},"line":138}},"branchMap":{"0":{"loc":{"start":{"line":77,"column":22},"end":{"line":77,"column":null}},"type":"binary-expr","locations":[{"start":{"line":77,"column":22},"end":{"line":77,"column":55}},{"start":{"line":77,"column":55},"end":{"line":77,"column":null}}],"line":77},"1":{"loc":{"start":{"line":84,"column":2},"end":{"line":84,"column":null}},"type":"if","locations":[{"start":{"line":84,"column":2},"end":{"line":84,"column":null}},{"start":{},"end":{}}],"line":84},"2":{"loc":{"start":{"line":139,"column":22},"end":{"line":144,"column":22}},"type":"cond-expr","locations":[{"start":{"line":140,"column":23},"end":{"line":142,"column":24}},{"start":{"line":142,"column":23},"end":{"line":144,"column":22}}],"line":139},"3":{"loc":{"start":{"line":144,"column":63},"end":{"line":144,"column":108}},"type":"cond-expr","locations":[{"start":{"line":144,"column":74},"end":{"line":144,"column":92}},{"start":{"line":144,"column":92},"end":{"line":144,"column":108}}],"line":144},"4":{"loc":{"start":{"line":157,"column":17},"end":{"line":157,"column":null}},"type":"cond-expr","locations":[{"start":{"line":157,"column":32},"end":{"line":157,"column":51}},{"start":{"line":157,"column":51},"end":{"line":157,"column":null}}],"line":157}},"s":{"0":2,"1":2,"2":9,"3":9,"4":9,"5":9,"6":9,"7":9,"8":0,"9":0,"10":0,"11":0,"12":0,"13":0,"14":0,"15":0,"16":0,"17":9,"18":7,"19":2,"20":10},"f":{"0":9,"1":0,"2":10},"b":{"0":[0,0],"1":[7,2],"2":[0,10],"3":[0,10],"4":[0,2]},"meta":{"lastBranch":5,"lastFunction":3,"lastStatement":21,"seen":{"s:11:36:17:Infinity":0,"s:19:15:32:2":1,"f:41:16:41:36":0,"s:42:23:42:57":2,"s:43:10:43:34":3,"s:49:17:53:4":4,"s:55:25:55:47":5,"s:57:24:63:Infinity":6,"s:65:19:80:Infinity":7,"f:65:19:65:26":1,"s:66:4:66:Infinity":8,"s:67:4:80:Infinity":9,"s:69:6:71:Infinity":10,"s:73:6:73:Infinity":11,"s:74:6:74:Infinity":12,"s:76:6:76:Infinity":13,"s:77:22:77:Infinity":14,"b:77:22:77:55:77:55:77:Infinity":0,"s:78:6:78:Infinity":15,"s:80:6:80:Infinity":16,"b:84:2:84:Infinity:undefined:undefined:undefined:undefined":1,"s:84:2:84:Infinity":17,"s:84:15:84:Infinity":18,"s:86:2:158:Infinity":19,"f:137:32:137:37":2,"s:138:19:145:Infinity":20,"b:140:23:142:24:142:23:144:22":2,"b:144:74:144:92:144:92:144:108":3,"b:157:32:157:51:157:51:157:Infinity":4}}}
,"C:\\Users\\Microsoft\\Desktop\\Sistema-Ilumina\\Front-End-Ilumina\\ilumina\\src\\Components\\SessionTimeoutModal.tsx": {"path":"C:\\Users\\Microsoft\\Desktop\\Sistema-Ilumina\\Front-End-Ilumina\\ilumina\\src\\Components\\SessionTimeoutModal.tsx","statementMap":{"0":{"start":{"line":14,"column":19},"end":{"line":14,"column":60}},"1":{"start":{"line":15,"column":21},"end":{"line":15,"column":53}},"2":{"start":{"line":17,"column":2},"end":{"line":35,"column":null}},"3":{"start":{"line":18,"column":4},"end":{"line":20,"column":null}},"4":{"start":{"line":19,"column":6},"end":{"line":19,"column":null}},"5":{"start":{"line":20,"column":6},"end":{"line":20,"column":null}},"6":{"start":{"line":23,"column":18},"end":{"line":32,"column":12}},"7":{"start":{"line":24,"column":6},"end":{"line":31,"column":null}},"8":{"start":{"line":25,"column":8},"end":{"line":28,"column":null}},"9":{"start":{"line":26,"column":10},"end":{"line":26,"column":null}},"10":{"start":{"line":27,"column":10},"end":{"line":27,"column":null}},"11":{"start":{"line":28,"column":10},"end":{"line":28,"column":null}},"12":{"start":{"line":30,"column":8},"end":{"line":30,"column":null}},"13":{"start":{"line":34,"column":4},"end":{"line":34,"column":null}},"14":{"start":{"line":34,"column":17},"end":{"line":34,"column":37}},"15":{"start":{"line":37,"column":2},"end":{"line":37,"column":null}},"16":{"start":{"line":37,"column":15},"end":{"line":37,"column":null}},"17":{"start":{"line":39,"column":18},"end":{"line":39,"column":43}},"18":{"start":{"line":40,"column":18},"end":{"line":40,"column":null}},"19":{"start":{"line":42,"column":22},"end":{"line":47,"column":null}},"20":{"start":{"line":43,"column":4},"end":{"line":43,"column":null}},"21":{"start":{"line":44,"column":4},"end":{"line":47,"column":null}},"22":{"start":{"line":45,"column":6},"end":{"line":45,"column":null}},"23":{"start":{"line":47,"column":6},"end":{"line":47,"column":null}},"24":{"start":{"line":51,"column":2},"end":{"line":96,"column":null}}},"fnMap":{"0":{"name":"SessionTimeoutModal","decl":{"start":{"line":13,"column":16},"end":{"line":13,"column":36}},"loc":{"start":{"line":13,"column":120},"end":{"line":96,"column":null}},"line":13},"1":{"name":"(anonymous_1)","decl":{"start":{"line":17,"column":2},"end":{"line":17,"column":18}},"loc":{"start":{"line":17,"column":18},"end":{"line":35,"column":6}},"line":17},"2":{"name":"(anonymous_2)","decl":{"start":{"line":23,"column":18},"end":{"line":23,"column":36}},"loc":{"start":{"line":23,"column":36},"end":{"line":32,"column":12}},"line":23},"3":{"name":"(anonymous_3)","decl":{"start":{"line":24,"column":6},"end":{"line":24,"column":18}},"loc":{"start":{"line":24,"column":26},"end":{"line":31,"column":null}},"line":24},"4":{"name":"(anonymous_4)","decl":{"start":{"line":34,"column":4},"end":{"line":34,"column":17}},"loc":{"start":{"line":34,"column":17},"end":{"line":34,"column":37}},"line":34},"5":{"name":"(anonymous_5)","decl":{"start":{"line":42,"column":22},"end":{"line":42,"column":34}},"loc":{"start":{"line":42,"column":34},"end":{"line":47,"column":null}},"line":42}},"branchMap":{"0":{"loc":{"start":{"line":18,"column":4},"end":{"line":20,"column":null}},"type":"if","locations":[{"start":{"line":18,"column":4},"end":{"line":20,"column":null}},{"start":{},"end":{}}],"line":18},"1":{"loc":{"start":{"line":25,"column":8},"end":{"line":28,"column":null}},"type":"if","locations":[{"start":{"line":25,"column":8},"end":{"line":28,"column":null}},{"start":{},"end":{}}],"line":25},"2":{"loc":{"start":{"line":37,"column":2},"end":{"line":37,"column":null}},"type":"if","locations":[{"start":{"line":37,"column":2},"end":{"line":37,"column":null}},{"start":{},"end":{}}],"line":37},"3":{"loc":{"start":{"line":68,"column":77},"end":{"line":68,"column":null}},"type":"cond-expr","locations":[{"start":{"line":68,"column":93},"end":{"line":68,"column":124}},{"start":{"line":68,"column":124},"end":{"line":68,"column":null}}],"line":68},"4":{"loc":{"start":{"line":79,"column":16},"end":{"line":83,"column":null}},"type":"cond-expr","locations":[{"start":{"line":80,"column":17},"end":{"line":82,"column":18}},{"start":{"line":82,"column":17},"end":{"line":83,"column":null}}],"line":79}},"s":{"0":16,"1":16,"2":16,"3":11,"4":8,"5":8,"6":3,"7":3,"8":3,"9":1,"10":1,"11":1,"12":2,"13":3,"14":3,"15":16,"16":9,"17":7,"18":7,"19":7,"20":1,"21":1,"22":1,"23":1,"24":7},"f":{"0":16,"1":11,"2":3,"3":3,"4":3,"5":1},"b":{"0":[8,3],"1":[1,2],"2":[9,7],"3":[4,3],"4":[1,6]},"meta":{"lastBranch":5,"lastFunction":6,"lastStatement":25,"seen":{"f:13:16:13:36":0,"s:14:19:14:60":0,"s:15:21:15:53":1,"s:17:2:35:Infinity":2,"f:17:2:17:18":1,"b:18:4:20:Infinity:undefined:undefined:undefined:undefined":0,"s:18:4:20:Infinity":3,"s:19:6:19:Infinity":4,"s:20:6:20:Infinity":5,"s:23:18:32:12":6,"f:23:18:23:36":2,"s:24:6:31:Infinity":7,"f:24:6:24:18":3,"b:25:8:28:Infinity:undefined:undefined:undefined:undefined":1,"s:25:8:28:Infinity":8,"s:26:10:26:Infinity":9,"s:27:10:27:Infinity":10,"s:28:10:28:Infinity":11,"s:30:8:30:Infinity":12,"s:34:4:34:Infinity":13,"f:34:4:34:17":4,"s:34:17:34:37":14,"b:37:2:37:Infinity:undefined:undefined:undefined:undefined":2,"s:37:2:37:Infinity":15,"s:37:15:37:Infinity":16,"s:39:18:39:43":17,"s:40:18:40:Infinity":18,"s:42:22:47:Infinity":19,"f:42:22:42:34":5,"s:43:4:43:Infinity":20,"s:44:4:47:Infinity":21,"s:45:6:45:Infinity":22,"s:47:6:47:Infinity":23,"s:51:2:96:Infinity":24,"b:68:93:68:124:68:124:68:Infinity":3,"b:80:17:82:18:82:17:83:Infinity":4}}}
,"C:\\Users\\Microsoft\\Desktop\\Sistema-Ilumina\\Front-End-Ilumina\\ilumina\\src\\Components\\ui\\BaseModal.tsx": {"path":"C:\\Users\\Microsoft\\Desktop\\Sistema-Ilumina\\Front-End-Ilumina\\ilumina\\src\\Components\\ui\\BaseModal.tsx","statementMap":{"0":{"start":{"line":13,"column":2},"end":{"line":13,"column":null}},"1":{"start":{"line":13,"column":15},"end":{"line":13,"column":null}},"2":{"start":{"line":15,"column":2},"end":{"line":28,"column":null}}},"fnMap":{"0":{"name":"BaseModal","decl":{"start":{"line":12,"column":16},"end":{"line":12,"column":26}},"loc":{"start":{"line":12,"column":114},"end":{"line":28,"column":null}},"line":12}},"branchMap":{"0":{"loc":{"start":{"line":12,"column":55},"end":{"line":12,"column":71}},"type":"default-arg","locations":[{"start":{"line":12,"column":67},"end":{"line":12,"column":71}}],"line":12},"1":{"loc":{"start":{"line":12,"column":71},"end":{"line":12,"column":114}},"type":"default-arg","locations":[{"start":{"line":12,"column":89},"end":{"line":12,"column":114}}],"line":12},"2":{"loc":{"start":{"line":13,"column":2},"end":{"line":13,"column":null}},"type":"if","locations":[{"start":{"line":13,"column":2},"end":{"line":13,"column":null}},{"start":{},"end":{}}],"line":13},"3":{"loc":{"start":{"line":18,"column":9},"end":{"line":26,"column":null}},"type":"binary-expr","locations":[{"start":{"line":18,"column":9},"end":{"line":18,"column":29}},{"start":{"line":18,"column":29},"end":{"line":18,"column":null}},{"start":{"line":19,"column":10},"end":{"line":26,"column":null}}],"line":18}},"s":{"0":9,"1":0,"2":9},"f":{"0":9},"b":{"0":[9],"1":[9],"2":[0,9],"3":[9,7,0]},"meta":{"lastBranch":4,"lastFunction":1,"lastStatement":3,"seen":{"f:12:16:12:26":0,"b:12:67:12:71":0,"b:12:89:12:114":1,"b:13:2:13:Infinity:undefined:undefined:undefined:undefined":2,"s:13:2:13:Infinity":0,"s:13:15:13:Infinity":1,"s:15:2:28:Infinity":2,"b:18:9:18:29:18:29:18:Infinity:19:10:26:Infinity":3}}}
,"C:\\Users\\Microsoft\\Desktop\\Sistema-Ilumina\\Front-End-Ilumina\\ilumina\\src\\Components\\ui\\FormInput.tsx": {"path":"C:\\Users\\Microsoft\\Desktop\\Sistema-Ilumina\\Front-End-Ilumina\\ilumina\\src\\Components\\ui\\FormInput.tsx","statementMap":{"0":{"start":{"line":11,"column":13},"end":{"line":57,"column":null}},"1":{"start":{"line":13,"column":25},"end":{"line":13,"column":59}},"2":{"start":{"line":14,"column":17},"end":{"line":14,"column":null}},"3":{"start":{"line":16,"column":4},"end":{"line":51,"column":null}},"4":{"start":{"line":42,"column":29},"end":{"line":42,"column":59}},"5":{"start":{"line":58,"column":0},"end":{"line":58,"column":null}}},"fnMap":{"0":{"name":"(anonymous_0)","decl":{"start":{"line":11,"column":25},"end":{"line":11,"column":null}},"loc":{"start":{"line":12,"column":73},"end":{"line":57,"column":null}},"line":12},"1":{"name":"(anonymous_1)","decl":{"start":{"line":42,"column":14},"end":{"line":42,"column":29}},"loc":{"start":{"line":42,"column":29},"end":{"line":42,"column":59}},"line":42}},"branchMap":{"0":{"loc":{"start":{"line":12,"column":37},"end":{"line":12,"column":53}},"type":"default-arg","locations":[{"start":{"line":12,"column":49},"end":{"line":12,"column":53}}],"line":12},"1":{"loc":{"start":{"line":14,"column":17},"end":{"line":14,"column":null}},"type":"cond-expr","locations":[{"start":{"line":14,"column":31},"end":{"line":14,"column":69}},{"start":{"line":14,"column":69},"end":{"line":14,"column":null}}],"line":14},"2":{"loc":{"start":{"line":14,"column":31},"end":{"line":14,"column":69}},"type":"cond-expr","locations":[{"start":{"line":14,"column":46},"end":{"line":14,"column":55}},{"start":{"line":14,"column":55},"end":{"line":14,"column":69}}],"line":14},"3":{"loc":{"start":{"line":14,"column":69},"end":{"line":14,"column":null}},"type":"binary-expr","locations":[{"start":{"line":14,"column":69},"end":{"line":14,"column":83}},{"start":{"line":14,"column":83},"end":{"line":14,"column":null}}],"line":14},"4":{"loc":{"start":{"line":22,"column":11},"end":{"line":25,"column":null}},"type":"binary-expr","locations":[{"start":{"line":22,"column":11},"end":{"line":22,"column":null}},{"start":{"line":23,"column":12},"end":{"line":25,"column":null}}],"line":22},"5":{"loc":{"start":{"line":31,"column":14},"end":{"line":31,"column":null}},"type":"cond-expr","locations":[{"start":{"line":31,"column":21},"end":{"line":31,"column":31}},{"start":{"line":31,"column":31},"end":{"line":31,"column":null}}],"line":31},"6":{"loc":{"start":{"line":32,"column":16},"end":{"line":32,"column":46}},"type":"cond-expr","locations":[{"start":{"line":32,"column":29},"end":{"line":32,"column":39}},{"start":{"line":32,"column":39},"end":{"line":32,"column":46}}],"line":32},"7":{"loc":{"start":{"line":33,"column":14},"end":{"line":35,"column":null}},"type":"cond-expr","locations":[{"start":{"line":34,"column":18},"end":{"line":34,"column":null}},{"start":{"line":35,"column":18},"end":{"line":35,"column":null}}],"line":33},"8":{"loc":{"start":{"line":39,"column":11},"end":{"line":46,"column":null}},"type":"binary-expr","locations":[{"start":{"line":39,"column":11},"end":{"line":39,"column":null}},{"start":{"line":40,"column":12},"end":{"line":46,"column":null}}],"line":39},"9":{"loc":{"start":{"line":45,"column":15},"end":{"line":45,"column":null}},"type":"cond-expr","locations":[{"start":{"line":45,"column":30},"end":{"line":45,"column":64}},{"start":{"line":45,"column":63},"end":{"line":45,"column":null}}],"line":45},"10":{"loc":{"start":{"line":49,"column":9},"end":{"line":51,"column":null}},"type":"binary-expr","locations":[{"start":{"line":49,"column":9},"end":{"line":49,"column":null}},{"start":{"line":50,"column":10},"end":{"line":51,"column":null}}],"line":49}},"s":{"0":3,"1":19,"2":19,"3":19,"4":2,"5":3},"f":{"0":19,"1":2},"b":{"0":[19],"1":[12,7],"2":[1,11],"3":[7,2],"4":[19,4],"5":[4,15],"6":[12,7],"7":[3,16],"8":[19,12],"9":[1,11],"10":[19,3]},"meta":{"lastBranch":11,"lastFunction":2,"lastStatement":6,"seen":{"s:11:13:57:Infinity":0,"f:11:25:11:Infinity":0,"b:12:49:12:53":0,"s:13:25:13:59":1,"s:14:17:14:Infinity":2,"b:14:31:14:69:14:69:14:Infinity":1,"b:14:46:14:55:14:55:14:69":2,"b:14:69:14:83:14:83:14:Infinity":3,"s:16:4:51:Infinity":3,"b:22:11:22:Infinity:23:12:25:Infinity":4,"b:31:21:31:31:31:31:31:Infinity":5,"b:32:29:32:39:32:39:32:46":6,"b:34:18:34:Infinity:35:18:35:Infinity":7,"b:39:11:39:Infinity:40:12:46:Infinity":8,"f:42:14:42:29":1,"s:42:29:42:59":4,"b:45:30:45:64:45:63:45:Infinity":9,"b:49:9:49:Infinity:50:10:51:Infinity":10,"s:58:0:58:Infinity":5}}}
,"C:\\Users\\Microsoft\\Desktop\\Sistema-Ilumina\\Front-End-Ilumina\\ilumina\\src\\Pages\\Auth\\Auth.tsx": {"path":"C:\\Users\\Microsoft\\Desktop\\Sistema-Ilumina\\Front-End-Ilumina\\ilumina\\src\\Pages\\Auth\\Auth.tsx","statementMap":{"0":{"start":{"line":12,"column":15},"end":{"line":15,"column":2}},"1":{"start":{"line":23,"column":23},"end":{"line":23,"column":43}},"2":{"start":{"line":24,"column":8},"end":{"line":24,"column":32}},"3":{"start":{"line":25,"column":36},"end":{"line":25,"column":83}},"4":{"start":{"line":30,"column":17},"end":{"line":33,"column":4}},"5":{"start":{"line":35,"column":19},"end":{"line":43,"column":null}},"6":{"start":{"line":36,"column":4},"end":{"line":43,"column":null}},"7":{"start":{"line":37,"column":22},"end":{"line":37,"column":60}},"8":{"start":{"line":38,"column":6},"end":{"line":39,"column":null}},"9":{"start":{"line":39,"column":8},"end":{"line":39,"column":null}},"10":{"start":{"line":42,"column":6},"end":{"line":42,"column":null}},"11":{"start":{"line":43,"column":6},"end":{"line":43,"column":null}},"12":{"start":{"line":48,"column":2},"end":{"line":63,"column":null}},"13":{"start":{"line":49,"column":4},"end":{"line":59,"column":null}},"14":{"start":{"line":50,"column":6},"end":{"line":59,"column":null}},"15":{"start":{"line":51,"column":8},"end":{"line":51,"column":null}},"16":{"start":{"line":54,"column":8},"end":{"line":59,"column":null}},"17":{"start":{"line":55,"column":10},"end":{"line":55,"column":null}},"18":{"start":{"line":56,"column":19},"end":{"line":59,"column":null}},"19":{"start":{"line":57,"column":10},"end":{"line":57,"column":null}},"20":{"start":{"line":59,"column":10},"end":{"line":59,"column":null}},"21":{"start":{"line":65,"column":2},"end":{"line":148,"column":null}},"22":{"start":{"line":145,"column":10},"end":{"line":145,"column":null}},"23":{"start":{"line":146,"column":10},"end":{"line":146,"column":null}}},"fnMap":{"0":{"name":"Auth","decl":{"start":{"line":22,"column":24},"end":{"line":22,"column":31}},"loc":{"start":{"line":22,"column":31},"end":{"line":148,"column":null}},"line":22},"1":{"name":"(anonymous_1)","decl":{"start":{"line":35,"column":19},"end":{"line":35,"column":26}},"loc":{"start":{"line":35,"column":45},"end":{"line":43,"column":null}},"line":35},"2":{"name":"(anonymous_2)","decl":{"start":{"line":48,"column":2},"end":{"line":48,"column":18}},"loc":{"start":{"line":48,"column":18},"end":{"line":63,"column":6}},"line":48},"3":{"name":"(anonymous_3)","decl":{"start":{"line":144,"column":8},"end":{"line":144,"column":25}},"loc":{"start":{"line":144,"column":25},"end":{"line":146,"column":null}},"line":144}},"branchMap":{"0":{"loc":{"start":{"line":38,"column":6},"end":{"line":39,"column":null}},"type":"if","locations":[{"start":{"line":38,"column":6},"end":{"line":39,"column":null}},{"start":{},"end":{}}],"line":38},"1":{"loc":{"start":{"line":49,"column":4},"end":{"line":59,"column":null}},"type":"if","locations":[{"start":{"line":49,"column":4},"end":{"line":59,"column":null}},{"start":{},"end":{}}],"line":49},"2":{"loc":{"start":{"line":50,"column":6},"end":{"line":59,"column":null}},"type":"if","locations":[{"start":{"line":50,"column":6},"end":{"line":59,"column":null}},{"start":{"line":52,"column":13},"end":{"line":59,"column":null}}],"line":50},"3":{"loc":{"start":{"line":54,"column":8},"end":{"line":59,"column":null}},"type":"if","locations":[{"start":{"line":54,"column":8},"end":{"line":59,"column":null}},{"start":{"line":56,"column":19},"end":{"line":59,"column":null}}],"line":54},"4":{"loc":{"start":{"line":56,"column":19},"end":{"line":59,"column":null}},"type":"if","locations":[{"start":{"line":56,"column":19},"end":{"line":59,"column":null}},{"start":{"line":58,"column":15},"end":{"line":59,"column":null}}],"line":56},"5":{"loc":{"start":{"line":106,"column":23},"end":{"line":106,"column":null}},"type":"binary-expr","locations":[{"start":{"line":106,"column":23},"end":{"line":106,"column":48}},{"start":{"line":106,"column":48},"end":{"line":106,"column":null}}],"line":106},"6":{"loc":{"start":{"line":117,"column":23},"end":{"line":117,"column":null}},"type":"binary-expr","locations":[{"start":{"line":117,"column":23},"end":{"line":117,"column":51}},{"start":{"line":117,"column":51},"end":{"line":117,"column":null}}],"line":117}},"s":{"0":1,"1":5,"2":5,"3":5,"4":5,"5":5,"6":0,"7":0,"8":0,"9":0,"10":0,"11":0,"12":5,"13":2,"14":0,"15":0,"16":0,"17":0,"18":0,"19":0,"20":0,"21":5,"22":0,"23":0},"f":{"0":5,"1":0,"2":2,"3":0},"b":{"0":[0,0],"1":[0,2],"2":[0,0],"3":[0,0],"4":[0,0],"5":[5,4],"6":[5,4]},"meta":{"lastBranch":7,"lastFunction":4,"lastStatement":24,"seen":{"s:12:15:15:2":0,"f:22:24:22:31":0,"s:23:23:23:43":1,"s:24:8:24:32":2,"s:25:36:25:83":3,"s:30:17:33:4":4,"s:35:19:43:Infinity":5,"f:35:19:35:26":1,"s:36:4:43:Infinity":6,"s:37:22:37:60":7,"b:38:6:39:Infinity:undefined:undefined:undefined:undefined":0,"s:38:6:39:Infinity":8,"s:39:8:39:Infinity":9,"s:42:6:42:Infinity":10,"s:43:6:43:Infinity":11,"s:48:2:63:Infinity":12,"f:48:2:48:18":2,"b:49:4:59:Infinity:undefined:undefined:undefined:undefined":1,"s:49:4:59:Infinity":13,"b:50:6:59:Infinity:52:13:59:Infinity":2,"s:50:6:59:Infinity":14,"s:51:8:51:Infinity":15,"b:54:8:59:Infinity:56:19:59:Infinity":3,"s:54:8:59:Infinity":16,"s:55:10:55:Infinity":17,"b:56:19:59:Infinity:58:15:59:Infinity":4,"s:56:19:59:Infinity":18,"s:57:10:57:Infinity":19,"s:59:10:59:Infinity":20,"s:65:2:148:Infinity":21,"b:106:23:106:48:106:48:106:Infinity":5,"b:117:23:117:51:117:51:117:Infinity":6,"f:144:8:144:25":3,"s:145:10:145:Infinity":22,"s:146:10:146:Infinity":23}}}
,"C:\\Users\\Microsoft\\Desktop\\Sistema-Ilumina\\Front-End-Ilumina\\ilumina\\src\\contexts\\AlertContext.tsx": {"path":"C:\\Users\\Microsoft\\Desktop\\Sistema-Ilumina\\Front-End-Ilumina\\ilumina\\src\\contexts\\AlertContext.tsx","statementMap":{"0":{"start":{"line":19,"column":6},"end":{"line":19,"column":75}},"1":{"start":{"line":22,"column":17},"end":{"line":22,"column":58}},"2":{"start":{"line":24,"column":8},"end":{"line":26,"column":8}},"3":{"start":{"line":25,"column":4},"end":{"line":25,"column":null}},"4":{"start":{"line":25,"column":22},"end":{"line":25,"column":59}},"5":{"start":{"line":25,"column":43},"end":{"line":25,"column":59}},"6":{"start":{"line":28,"column":8},"end":{"line":40,"column":19}},"7":{"start":{"line":29,"column":15},"end":{"line":29,"column":36}},"8":{"start":{"line":30,"column":32},"end":{"line":30,"column":null}},"9":{"start":{"line":32,"column":4},"end":{"line":32,"column":null}},"10":{"start":{"line":32,"column":22},"end":{"line":32,"column":38}},"11":{"start":{"line":35,"column":4},"end":{"line":38,"column":null}},"12":{"start":{"line":36,"column":6},"end":{"line":38,"column":null}},"13":{"start":{"line":37,"column":8},"end":{"line":37,"column":null}},"14":{"start":{"line":42,"column":2},"end":{"line":57,"column":null}},"15":{"start":{"line":43,"column":24},"end":{"line":43,"column":null}},"16":{"start":{"line":44,"column":10},"end":{"line":49,"column":null}},"17":{"start":{"line":45,"column":18},"end":{"line":45,"column":28}},"18":{"start":{"line":47,"column":6},"end":{"line":49,"column":null}},"19":{"start":{"line":48,"column":8},"end":{"line":48,"column":null}},"20":{"start":{"line":49,"column":8},"end":{"line":49,"column":null}},"21":{"start":{"line":53,"column":4},"end":{"line":53,"column":null}},"22":{"start":{"line":54,"column":4},"end":{"line":55,"column":null}},"23":{"start":{"line":55,"column":6},"end":{"line":55,"column":null}},"24":{"start":{"line":59,"column":2},"end":{"line":62,"column":null}},"25":{"start":{"line":67,"column":8},"end":{"line":67,"column":42}},"26":{"start":{"line":68,"column":2},"end":{"line":69,"column":null}},"27":{"start":{"line":69,"column":4},"end":{"line":69,"column":null}},"28":{"start":{"line":71,"column":2},"end":{"line":71,"column":null}}},"fnMap":{"0":{"name":"AlertProvider","decl":{"start":{"line":21,"column":16},"end":{"line":21,"column":30}},"loc":{"start":{"line":21,"column":69},"end":{"line":62,"column":null}},"line":21},"1":{"name":"(anonymous_1)","decl":{"start":{"line":24,"column":22},"end":{"line":24,"column":35}},"loc":{"start":{"line":24,"column":50},"end":{"line":26,"column":7}},"line":24},"2":{"name":"(anonymous_2)","decl":{"start":{"line":25,"column":4},"end":{"line":25,"column":14}},"loc":{"start":{"line":25,"column":22},"end":{"line":25,"column":59}},"line":25},"3":{"name":"(anonymous_3)","decl":{"start":{"line":25,"column":27},"end":{"line":25,"column":34}},"loc":{"start":{"line":25,"column":43},"end":{"line":25,"column":59}},"line":25},"4":{"name":"(anonymous_4)","decl":{"start":{"line":28,"column":20},"end":{"line":28,"column":33}},"loc":{"start":{"line":28,"column":107},"end":{"line":40,"column":6}},"line":28},"5":{"name":"(anonymous_5)","decl":{"start":{"line":32,"column":4},"end":{"line":32,"column":14}},"loc":{"start":{"line":32,"column":22},"end":{"line":32,"column":38}},"line":32},"6":{"name":"(anonymous_6)","decl":{"start":{"line":36,"column":6},"end":{"line":36,"column":23}},"loc":{"start":{"line":36,"column":23},"end":{"line":38,"column":18}},"line":36},"7":{"name":"(anonymous_7)","decl":{"start":{"line":42,"column":2},"end":{"line":42,"column":18}},"loc":{"start":{"line":42,"column":18},"end":{"line":57,"column":7}},"line":42},"8":{"name":"(anonymous_8)","decl":{"start":{"line":44,"column":10},"end":{"line":44,"column":35}},"loc":{"start":{"line":44,"column":35},"end":{"line":49,"column":null}},"line":44},"9":{"name":"(anonymous_9)","decl":{"start":{"line":54,"column":4},"end":{"line":54,"column":17}},"loc":{"start":{"line":54,"column":17},"end":{"line":55,"column":null}},"line":54},"10":{"name":"useAlert","decl":{"start":{"line":66,"column":16},"end":{"line":66,"column":27}},"loc":{"start":{"line":66,"column":27},"end":{"line":71,"column":null}},"line":66}},"branchMap":{"0":{"loc":{"start":{"line":28,"column":87},"end":{"line":28,"column":107}},"type":"default-arg","locations":[{"start":{"line":28,"column":98},"end":{"line":28,"column":107}}],"line":28},"1":{"loc":{"start":{"line":35,"column":4},"end":{"line":38,"column":null}},"type":"if","locations":[{"start":{"line":35,"column":4},"end":{"line":38,"column":null}},{"start":{},"end":{}}],"line":35},"2":{"loc":{"start":{"line":47,"column":6},"end":{"line":49,"column":null}},"type":"if","locations":[{"start":{"line":47,"column":6},"end":{"line":49,"column":null}},{"start":{},"end":{}}],"line":47},"3":{"loc":{"start":{"line":68,"column":2},"end":{"line":69,"column":null}},"type":"if","locations":[{"start":{"line":68,"column":2},"end":{"line":69,"column":null}},{"start":{},"end":{}}],"line":68}},"s":{"0":6,"1":16,"2":16,"3":2,"4":2,"5":2,"6":16,"7":4,"8":4,"9":4,"10":4,"11":4,"12":4,"13":1,"14":16,"15":10,"16":10,"17":0,"18":0,"19":0,"20":0,"21":10,"22":10,"23":10,"24":16,"25":26,"26":26,"27":0,"28":26},"f":{"0":16,"1":2,"2":2,"3":2,"4":4,"5":4,"6":1,"7":10,"8":0,"9":10,"10":26},"b":{"0":[4],"1":[4,0],"2":[0,0],"3":[0,26]},"meta":{"lastBranch":4,"lastFunction":11,"lastStatement":29,"seen":{"s:19:6:19:75":0,"f:21:16:21:30":0,"s:22:17:22:58":1,"s:24:8:26:8":2,"f:24:22:24:35":1,"s:25:4:25:Infinity":3,"f:25:4:25:14":2,"s:25:22:25:59":4,"f:25:27:25:34":3,"s:25:43:25:59":5,"s:28:8:40:19":6,"f:28:20:28:33":4,"b:28:98:28:107":0,"s:29:15:29:36":7,"s:30:32:30:Infinity":8,"s:32:4:32:Infinity":9,"f:32:4:32:14":5,"s:32:22:32:38":10,"b:35:4:38:Infinity:undefined:undefined:undefined:undefined":1,"s:35:4:38:Infinity":11,"s:36:6:38:Infinity":12,"f:36:6:36:23":6,"s:37:8:37:Infinity":13,"s:42:2:57:Infinity":14,"f:42:2:42:18":7,"s:43:24:43:Infinity":15,"s:44:10:49:Infinity":16,"f:44:10:44:35":8,"s:45:18:45:28":17,"b:47:6:49:Infinity:undefined:undefined:undefined:undefined":2,"s:47:6:49:Infinity":18,"s:48:8:48:Infinity":19,"s:49:8:49:Infinity":20,"s:53:4:53:Infinity":21,"s:54:4:55:Infinity":22,"f:54:4:54:17":9,"s:55:6:55:Infinity":23,"s:59:2:62:Infinity":24,"f:66:16:66:27":10,"s:67:8:67:42":25,"b:68:2:69:Infinity:undefined:undefined:undefined:undefined":3,"s:68:2:69:Infinity":26,"s:69:4:69:Infinity":27,"s:71:2:71:Infinity":28}}}
,"C:\\Users\\Microsoft\\Desktop\\Sistema-Ilumina\\Front-End-Ilumina\\ilumina\\src\\contexts\\AuthContext.tsx": {"path":"C:\\Users\\Microsoft\\Desktop\\Sistema-Ilumina\\Front-End-Ilumina\\ilumina\\src\\contexts\\AuthContext.tsx","statementMap":{"0":{"start":{"line":26,"column":6},"end":{"line":26,"column":73}},"1":{"start":{"line":29,"column":26},"end":{"line":29,"column":91}},"2":{"start":{"line":30,"column":15},"end":{"line":32,"column":null}},"3":{"start":{"line":31,"column":4},"end":{"line":31,"column":null}},"4":{"start":{"line":34,"column":27},"end":{"line":34,"column":65}},"5":{"start":{"line":35,"column":27},"end":{"line":35,"column":65}},"6":{"start":{"line":36,"column":20},"end":{"line":39,"column":null}},"7":{"start":{"line":37,"column":18},"end":{"line":37,"column":61}},"8":{"start":{"line":38,"column":4},"end":{"line":38,"column":null}},"9":{"start":{"line":40,"column":18},"end":{"line":40,"column":46}},"10":{"start":{"line":42,"column":10},"end":{"line":42,"column":34}},"11":{"start":{"line":45,"column":2},"end":{"line":79,"column":null}},"12":{"start":{"line":46,"column":4},"end":{"line":46,"column":null}},"13":{"start":{"line":46,"column":40},"end":{"line":46,"column":null}},"14":{"start":{"line":48,"column":10},"end":{"line":59,"column":null}},"15":{"start":{"line":49,"column":18},"end":{"line":49,"column":28}},"16":{"start":{"line":50,"column":23},"end":{"line":50,"column":null}},"17":{"start":{"line":53,"column":6},"end":{"line":54,"column":null}},"18":{"start":{"line":54,"column":8},"end":{"line":54,"column":null}},"19":{"start":{"line":58,"column":6},"end":{"line":59,"column":null}},"20":{"start":{"line":59,"column":8},"end":{"line":59,"column":null}},"21":{"start":{"line":63,"column":10},"end":{"line":68,"column":null}},"22":{"start":{"line":64,"column":20},"end":{"line":64,"column":63}},"23":{"start":{"line":65,"column":6},"end":{"line":68,"column":null}},"24":{"start":{"line":66,"column":8},"end":{"line":66,"column":null}},"25":{"start":{"line":67,"column":8},"end":{"line":67,"column":null}},"26":{"start":{"line":68,"column":8},"end":{"line":68,"column":null}},"27":{"start":{"line":72,"column":4},"end":{"line":72,"column":null}},"28":{"start":{"line":74,"column":21},"end":{"line":74,"column":52}},"29":{"start":{"line":75,"column":4},"end":{"line":77,"column":null}},"30":{"start":{"line":76,"column":6},"end":{"line":76,"column":null}},"31":{"start":{"line":77,"column":6},"end":{"line":77,"column":null}},"32":{"start":{"line":81,"column":2},"end":{"line":111,"column":null}},"33":{"start":{"line":82,"column":22},"end":{"line":107,"column":null}},"34":{"start":{"line":83,"column":6},"end":{"line":107,"column":null}},"35":{"start":{"line":84,"column":8},"end":{"line":104,"column":null}},"36":{"start":{"line":85,"column":27},"end":{"line":85,"column":52}},"37":{"start":{"line":86,"column":10},"end":{"line":95,"column":null}},"38":{"start":{"line":87,"column":29},"end":{"line":87,"column":null}},"39":{"start":{"line":88,"column":12},"end":{"line":88,"column":null}},"40":{"start":{"line":89,"column":12},"end":{"line":89,"column":null}},"41":{"start":{"line":92,"column":12},"end":{"line":95,"column":null}},"42":{"start":{"line":93,"column":36},"end":{"line":93,"column":null}},"43":{"start":{"line":94,"column":15},"end":{"line":94,"column":null}},"44":{"start":{"line":95,"column":15},"end":{"line":95,"column":null}},"45":{"start":{"line":99,"column":10},"end":{"line":99,"column":null}},"46":{"start":{"line":100,"column":10},"end":{"line":101,"column":null}},"47":{"start":{"line":101,"column":12},"end":{"line":101,"column":null}},"48":{"start":{"line":104,"column":10},"end":{"line":104,"column":null}},"49":{"start":{"line":107,"column":8},"end":{"line":107,"column":null}},"50":{"start":{"line":110,"column":4},"end":{"line":110,"column":null}},"51":{"start":{"line":113,"column":16},"end":{"line":155,"column":null}},"52":{"start":{"line":114,"column":4},"end":{"line":155,"column":null}},"53":{"start":{"line":115,"column":23},"end":{"line":118,"column":8}},"54":{"start":{"line":120,"column":6},"end":{"line":143,"column":null}},"55":{"start":{"line":121,"column":21},"end":{"line":121,"column":null}},"56":{"start":{"line":122,"column":8},"end":{"line":138,"column":null}},"57":{"start":{"line":124,"column":33},"end":{"line":124,"column":null}},"58":{"start":{"line":125,"column":31},"end":{"line":125,"column":null}},"59":{"start":{"line":127,"column":10},"end":{"line":127,"column":null}},"60":{"start":{"line":128,"column":10},"end":{"line":128,"column":null}},"61":{"start":{"line":129,"column":10},"end":{"line":129,"column":null}},"62":{"start":{"line":131,"column":10},"end":{"line":131,"column":null}},"63":{"start":{"line":132,"column":10},"end":{"line":132,"column":null}},"64":{"start":{"line":133,"column":10},"end":{"line":133,"column":null}},"65":{"start":{"line":134,"column":10},"end":{"line":134,"column":null}},"66":{"start":{"line":135,"column":10},"end":{"line":135,"column":null}},"67":{"start":{"line":137,"column":10},"end":{"line":137,"column":null}},"68":{"start":{"line":138,"column":10},"end":{"line":138,"column":null}},"69":{"start":{"line":140,"column":8},"end":{"line":140,"column":null}},"70":{"start":{"line":142,"column":8},"end":{"line":142,"column":null}},"71":{"start":{"line":143,"column":8},"end":{"line":143,"column":null}},"72":{"start":{"line":146,"column":6},"end":{"line":146,"column":null}},"73":{"start":{"line":147,"column":6},"end":{"line":155,"column":null}},"74":{"start":{"line":149,"column":8},"end":{"line":149,"column":null}},"75":{"start":{"line":150,"column":17},"end":{"line":155,"column":null}},"76":{"start":{"line":151,"column":8},"end":{"line":151,"column":null}},"77":{"start":{"line":152,"column":8},"end":{"line":152,"column":null}},"78":{"start":{"line":154,"column":8},"end":{"line":154,"column":null}},"79":{"start":{"line":155,"column":8},"end":{"line":155,"column":null}},"80":{"start":{"line":160,"column":17},"end":{"line":174,"column":null}},"81":{"start":{"line":161,"column":4},"end":{"line":164,"column":null}},"82":{"start":{"line":162,"column":6},"end":{"line":162,"column":null}},"83":{"start":{"line":164,"column":6},"end":{"line":164,"column":null}},"84":{"start":{"line":166,"column":4},"end":{"line":166,"column":null}},"85":{"start":{"line":167,"column":4},"end":{"line":167,"column":null}},"86":{"start":{"line":168,"column":4},"end":{"line":168,"column":null}},"87":{"start":{"line":169,"column":4},"end":{"line":169,"column":null}},"88":{"start":{"line":170,"column":4},"end":{"line":170,"column":null}},"89":{"start":{"line":171,"column":4},"end":{"line":171,"column":null}},"90":{"start":{"line":172,"column":4},"end":{"line":172,"column":null}},"91":{"start":{"line":173,"column":4},"end":{"line":173,"column":null}},"92":{"start":{"line":174,"column":4},"end":{"line":174,"column":null}},"93":{"start":{"line":177,"column":23},"end":{"line":196,"column":null}},"94":{"start":{"line":178,"column":4},"end":{"line":196,"column":null}},"95":{"start":{"line":179,"column":23},"end":{"line":179,"column":54}},"96":{"start":{"line":180,"column":30},"end":{"line":180,"column":null}},"97":{"start":{"line":182,"column":6},"end":{"line":192,"column":null}},"98":{"start":{"line":183,"column":8},"end":{"line":183,"column":null}},"99":{"start":{"line":184,"column":31},"end":{"line":184,"column":null}},"100":{"start":{"line":185,"column":29},"end":{"line":185,"column":null}},"101":{"start":{"line":187,"column":8},"end":{"line":187,"column":null}},"102":{"start":{"line":188,"column":8},"end":{"line":188,"column":null}},"103":{"start":{"line":189,"column":8},"end":{"line":189,"column":null}},"104":{"start":{"line":190,"column":8},"end":{"line":190,"column":null}},"105":{"start":{"line":191,"column":8},"end":{"line":191,"column":null}},"106":{"start":{"line":192,"column":8},"end":{"line":192,"column":null}},"107":{"start":{"line":195,"column":6},"end":{"line":195,"column":null}},"108":{"start":{"line":196,"column":6},"end":{"line":196,"column":null}},"109":{"start":{"line":200,"column":2},"end":{"line":212,"column":null}},"110":{"start":{"line":208,"column":10},"end":{"line":208,"column":null}},"111":{"start":{"line":209,"column":10},"end":{"line":209,"column":null}},"112":{"start":{"line":218,"column":8},"end":{"line":218,"column":41}},"113":{"start":{"line":219,"column":2},"end":{"line":220,"column":null}},"114":{"start":{"line":220,"column":4},"end":{"line":220,"column":null}},"115":{"start":{"line":222,"column":2},"end":{"line":222,"column":null}}},"fnMap":{"0":{"name":"AuthProvider","decl":{"start":{"line":28,"column":16},"end":{"line":28,"column":29}},"loc":{"start":{"line":28,"column":68},"end":{"line":212,"column":null}},"line":28},"1":{"name":"(anonymous_1)","decl":{"start":{"line":30,"column":26},"end":{"line":30,"column":54}},"loc":{"start":{"line":30,"column":54},"end":{"line":32,"column":null}},"line":30},"2":{"name":"(anonymous_2)","decl":{"start":{"line":36,"column":36},"end":{"line":36,"column":66}},"loc":{"start":{"line":36,"column":66},"end":{"line":39,"column":null}},"line":36},"3":{"name":"(anonymous_3)","decl":{"start":{"line":45,"column":2},"end":{"line":45,"column":18}},"loc":{"start":{"line":45,"column":18},"end":{"line":79,"column":6}},"line":45},"4":{"name":"(anonymous_4)","decl":{"start":{"line":48,"column":10},"end":{"line":48,"column":31}},"loc":{"start":{"line":48,"column":31},"end":{"line":59,"column":null}},"line":48},"5":{"name":"(anonymous_5)","decl":{"start":{"line":63,"column":10},"end":{"line":63,"column":39}},"loc":{"start":{"line":63,"column":39},"end":{"line":68,"column":null}},"line":63},"6":{"name":"(anonymous_6)","decl":{"start":{"line":75,"column":4},"end":{"line":75,"column":17}},"loc":{"start":{"line":75,"column":17},"end":{"line":77,"column":null}},"line":75},"7":{"name":"(anonymous_7)","decl":{"start":{"line":81,"column":2},"end":{"line":81,"column":18}},"loc":{"start":{"line":81,"column":18},"end":{"line":111,"column":6}},"line":81},"8":{"name":"(anonymous_8)","decl":{"start":{"line":82,"column":22},"end":{"line":82,"column":34}},"loc":{"start":{"line":82,"column":34},"end":{"line":107,"column":null}},"line":82},"9":{"name":"(anonymous_9)","decl":{"start":{"line":113,"column":16},"end":{"line":113,"column":23}},"loc":{"start":{"line":113,"column":77},"end":{"line":155,"column":null}},"line":113},"10":{"name":"(anonymous_10)","decl":{"start":{"line":160,"column":17},"end":{"line":160,"column":29}},"loc":{"start":{"line":160,"column":29},"end":{"line":174,"column":null}},"line":160},"11":{"name":"(anonymous_11)","decl":{"start":{"line":177,"column":23},"end":{"line":177,"column":35}},"loc":{"start":{"line":177,"column":35},"end":{"line":196,"column":null}},"line":177},"12":{"name":"(anonymous_12)","decl":{"start":{"line":207,"column":8},"end":{"line":207,"column":23}},"loc":{"start":{"line":207,"column":23},"end":{"line":209,"column":null}},"line":207},"13":{"name":"useAuth","decl":{"start":{"line":217,"column":16},"end":{"line":217,"column":26}},"loc":{"start":{"line":217,"column":26},"end":{"line":222,"column":null}},"line":217}},"branchMap":{"0":{"loc":{"start":{"line":31,"column":11},"end":{"line":31,"column":null}},"type":"binary-expr","locations":[{"start":{"line":31,"column":11},"end":{"line":31,"column":47}},{"start":{"line":31,"column":51},"end":{"line":31,"column":null}}],"line":31},"1":{"loc":{"start":{"line":38,"column":11},"end":{"line":38,"column":null}},"type":"cond-expr","locations":[{"start":{"line":38,"column":19},"end":{"line":38,"column":32}},{"start":{"line":38,"column":35},"end":{"line":38,"column":null}}],"line":38},"2":{"loc":{"start":{"line":46,"column":4},"end":{"line":46,"column":null}},"type":"if","locations":[{"start":{"line":46,"column":4},"end":{"line":46,"column":null}},{"start":{},"end":{}}],"line":46},"3":{"loc":{"start":{"line":46,"column":8},"end":{"line":46,"column":40}},"type":"binary-expr","locations":[{"start":{"line":46,"column":8},"end":{"line":46,"column":28}},{"start":{"line":46,"column":28},"end":{"line":46,"column":40}}],"line":46},"4":{"loc":{"start":{"line":53,"column":6},"end":{"line":54,"column":null}},"type":"if","locations":[{"start":{"line":53,"column":6},"end":{"line":54,"column":null}},{"start":{},"end":{}}],"line":53},"5":{"loc":{"start":{"line":53,"column":10},"end":{"line":53,"column":88}},"type":"binary-expr","locations":[{"start":{"line":53,"column":10},"end":{"line":53,"column":32}},{"start":{"line":53,"column":32},"end":{"line":53,"column":48}},{"start":{"line":53,"column":48},"end":{"line":53,"column":69}},{"start":{"line":53,"column":69},"end":{"line":53,"column":88}}],"line":53},"6":{"loc":{"start":{"line":58,"column":6},"end":{"line":59,"column":null}},"type":"if","locations":[{"start":{"line":58,"column":6},"end":{"line":59,"column":null}},{"start":{},"end":{}}],"line":58},"7":{"loc":{"start":{"line":65,"column":6},"end":{"line":68,"column":null}},"type":"if","locations":[{"start":{"line":65,"column":6},"end":{"line":68,"column":null}},{"start":{},"end":{}}],"line":65},"8":{"loc":{"start":{"line":83,"column":6},"end":{"line":107,"column":null}},"type":"if","locations":[{"start":{"line":83,"column":6},"end":{"line":107,"column":null}},{"start":{"line":106,"column":13},"end":{"line":107,"column":null}}],"line":83},"9":{"loc":{"start":{"line":83,"column":10},"end":{"line":83,"column":36}},"type":"binary-expr","locations":[{"start":{"line":83,"column":10},"end":{"line":83,"column":29}},{"start":{"line":83,"column":29},"end":{"line":83,"column":36}}],"line":83},"10":{"loc":{"start":{"line":86,"column":10},"end":{"line":95,"column":null}},"type":"if","locations":[{"start":{"line":86,"column":10},"end":{"line":95,"column":null}},{"start":{},"end":{}}],"line":86},"11":{"loc":{"start":{"line":92,"column":12},"end":{"line":95,"column":null}},"type":"if","locations":[{"start":{"line":92,"column":12},"end":{"line":95,"column":null}},{"start":{},"end":{}}],"line":92},"12":{"loc":{"start":{"line":100,"column":10},"end":{"line":101,"column":null}},"type":"if","locations":[{"start":{"line":100,"column":10},"end":{"line":101,"column":null}},{"start":{},"end":{}}],"line":100},"13":{"loc":{"start":{"line":120,"column":6},"end":{"line":143,"column":null}},"type":"if","locations":[{"start":{"line":120,"column":6},"end":{"line":143,"column":null}},{"start":{"line":141,"column":13},"end":{"line":143,"column":null}}],"line":120},"14":{"loc":{"start":{"line":122,"column":8},"end":{"line":138,"column":null}},"type":"if","locations":[{"start":{"line":122,"column":8},"end":{"line":138,"column":null}},{"start":{},"end":{}}],"line":122},"15":{"loc":{"start":{"line":122,"column":12},"end":{"line":122,"column":43}},"type":"binary-expr","locations":[{"start":{"line":122,"column":12},"end":{"line":122,"column":32}},{"start":{"line":122,"column":32},"end":{"line":122,"column":43}}],"line":122},"16":{"loc":{"start":{"line":147,"column":6},"end":{"line":155,"column":null}},"type":"if","locations":[{"start":{"line":147,"column":6},"end":{"line":155,"column":null}},{"start":{"line":150,"column":17},"end":{"line":155,"column":null}}],"line":147},"17":{"loc":{"start":{"line":150,"column":17},"end":{"line":155,"column":null}},"type":"if","locations":[{"start":{"line":150,"column":17},"end":{"line":155,"column":null}},{"start":{"line":153,"column":13},"end":{"line":155,"column":null}}],"line":150},"18":{"loc":{"start":{"line":182,"column":6},"end":{"line":192,"column":null}},"type":"if","locations":[{"start":{"line":182,"column":6},"end":{"line":192,"column":null}},{"start":{},"end":{}}],"line":182},"19":{"loc":{"start":{"line":211,"column":26},"end":{"line":211,"column":null}},"type":"cond-expr","locations":[{"start":{"line":211,"column":38},"end":{"line":211,"column":94}},{"start":{"line":211,"column":97},"end":{"line":211,"column":null}}],"line":211},"20":{"loc":{"start":{"line":219,"column":2},"end":{"line":220,"column":null}},"type":"if","locations":[{"start":{"line":219,"column":2},"end":{"line":220,"column":null}},{"start":{},"end":{}}],"line":219}},"s":{"0":1,"1":10,"2":10,"3":3,"4":10,"5":10,"6":10,"7":3,"8":3,"9":10,"10":10,"11":10,"12":5,"13":4,"14":1,"15":0,"16":0,"17":0,"18":0,"19":0,"20":0,"21":1,"22":0,"23":0,"24":0,"25":0,"26":0,"27":1,"28":1,"29":1,"30":1,"31":1,"32":10,"33":5,"34":5,"35":0,"36":0,"37":0,"38":0,"39":0,"40":0,"41":0,"42":0,"43":0,"44":0,"45":0,"46":0,"47":0,"48":0,"49":5,"50":5,"51":10,"52":1,"53":1,"54":1,"55":1,"56":1,"57":1,"58":1,"59":1,"60":1,"61":1,"62":1,"63":1,"64":1,"65":1,"66":1,"67":1,"68":1,"69":0,"70":0,"71":0,"72":0,"73":0,"74":0,"75":0,"76":0,"77":0,"78":0,"79":0,"80":10,"81":1,"82":1,"83":0,"84":1,"85":1,"86":1,"87":1,"88":1,"89":1,"90":1,"91":1,"92":1,"93":10,"94":0,"95":0,"96":0,"97":0,"98":0,"99":0,"100":0,"101":0,"102":0,"103":0,"104":0,"105":0,"106":0,"107":0,"108":0,"109":10,"110":0,"111":0,"112":8,"113":8,"114":0,"115":8},"f":{"0":10,"1":3,"2":3,"3":5,"4":0,"5":0,"6":1,"7":5,"8":5,"9":1,"10":1,"11":0,"12":0,"13":8},"b":{"0":[3,1],"1":[0,3],"2":[4,1],"3":[5,3],"4":[0,0],"5":[0,0,0,0],"6":[0,0],"7":[0,0],"8":[0,5],"9":[5,3],"10":[0,0],"11":[0,0],"12":[0,0],"13":[1,0],"14":[1,0],"15":[1,1],"16":[0,0],"17":[0,0],"18":[0,0],"19":[2,8],"20":[0,8]},"meta":{"lastBranch":21,"lastFunction":14,"lastStatement":116,"seen":{"s:26:6:26:73":0,"f:28:16:28:29":0,"s:29:26:29:91":1,"s:30:15:32:Infinity":2,"f:30:26:30:54":1,"s:31:4:31:Infinity":3,"b:31:11:31:47:31:51:31:Infinity":0,"s:34:27:34:65":4,"s:35:27:35:65":5,"s:36:20:39:Infinity":6,"f:36:36:36:66":2,"s:37:18:37:61":7,"s:38:4:38:Infinity":8,"b:38:19:38:32:38:35:38:Infinity":1,"s:40:18:40:46":9,"s:42:10:42:34":10,"s:45:2:79:Infinity":11,"f:45:2:45:18":3,"b:46:4:46:Infinity:undefined:undefined:undefined:undefined":2,"s:46:4:46:Infinity":12,"b:46:8:46:28:46:28:46:40":3,"s:46:40:46:Infinity":13,"s:48:10:59:Infinity":14,"f:48:10:48:31":4,"s:49:18:49:28":15,"s:50:23:50:Infinity":16,"b:53:6:54:Infinity:undefined:undefined:undefined:undefined":4,"s:53:6:54:Infinity":17,"b:53:10:53:32:53:32:53:48:53:48:53:69:53:69:53:88":5,"s:54:8:54:Infinity":18,"b:58:6:59:Infinity:undefined:undefined:undefined:undefined":6,"s:58:6:59:Infinity":19,"s:59:8:59:Infinity":20,"s:63:10:68:Infinity":21,"f:63:10:63:39":5,"s:64:20:64:63":22,"b:65:6:68:Infinity:undefined:undefined:undefined:undefined":7,"s:65:6:68:Infinity":23,"s:66:8:66:Infinity":24,"s:67:8:67:Infinity":25,"s:68:8:68:Infinity":26,"s:72:4:72:Infinity":27,"s:74:21:74:52":28,"s:75:4:77:Infinity":29,"f:75:4:75:17":6,"s:76:6:76:Infinity":30,"s:77:6:77:Infinity":31,"s:81:2:111:Infinity":32,"f:81:2:81:18":7,"s:82:22:107:Infinity":33,"f:82:22:82:34":8,"b:83:6:107:Infinity:106:13:107:Infinity":8,"s:83:6:107:Infinity":34,"b:83:10:83:29:83:29:83:36":9,"s:84:8:104:Infinity":35,"s:85:27:85:52":36,"b:86:10:95:Infinity:undefined:undefined:undefined:undefined":10,"s:86:10:95:Infinity":37,"s:87:29:87:Infinity":38,"s:88:12:88:Infinity":39,"s:89:12:89:Infinity":40,"b:92:12:95:Infinity:undefined:undefined:undefined:undefined":11,"s:92:12:95:Infinity":41,"s:93:36:93:Infinity":42,"s:94:15:94:Infinity":43,"s:95:15:95:Infinity":44,"s:99:10:99:Infinity":45,"b:100:10:101:Infinity:undefined:undefined:undefined:undefined":12,"s:100:10:101:Infinity":46,"s:101:12:101:Infinity":47,"s:104:10:104:Infinity":48,"s:107:8:107:Infinity":49,"s:110:4:110:Infinity":50,"s:113:16:155:Infinity":51,"f:113:16:113:23":9,"s:114:4:155:Infinity":52,"s:115:23:118:8":53,"b:120:6:143:Infinity:141:13:143:Infinity":13,"s:120:6:143:Infinity":54,"s:121:21:121:Infinity":55,"b:122:8:138:Infinity:undefined:undefined:undefined:undefined":14,"s:122:8:138:Infinity":56,"b:122:12:122:32:122:32:122:43":15,"s:124:33:124:Infinity":57,"s:125:31:125:Infinity":58,"s:127:10:127:Infinity":59,"s:128:10:128:Infinity":60,"s:129:10:129:Infinit
[...]
ne":107,"column":null}},"17":{"start":{"line":38,"column":14},"end":{"line":38,"column":null}},"18":{"start":{"line":40,"column":28},"end":{"line":40,"column":null}},"19":{"start":{"line":43,"column":4},"end":{"line":44,"column":null}},"20":{"start":{"line":44,"column":6},"end":{"line":44,"column":null}},"21":{"start":{"line":48,"column":4},"end":{"line":49,"column":null}},"22":{"start":{"line":49,"column":6},"end":{"line":49,"column":null}},"23":{"start":{"line":52,"column":4},"end":{"line":100,"column":null}},"24":{"start":{"line":53,"column":6},"end":{"line":63,"column":null}},"25":{"start":{"line":54,"column":8},"end":{"line":63,"column":null}},"26":{"start":{"line":55,"column":10},"end":{"line":55,"column":null}},"27":{"start":{"line":58,"column":12},"end":{"line":58,"column":null}},"28":{"start":{"line":59,"column":12},"end":{"line":59,"column":null}},"29":{"start":{"line":62,"column":12},"end":{"line":62,"column":null}},"30":{"start":{"line":66,"column":6},"end":{"line":66,"column":null}},"31":{"start":{"line":67,"column":6},"end":{"line":67,"column":null}},"32":{"start":{"line":69,"column":6},"end":{"line":100,"column":null}},"33":{"start":{"line":71,"column":25},"end":{"line":71,"column":56}},"34":{"start":{"line":72,"column":32},"end":{"line":72,"column":null}},"35":{"start":{"line":74,"column":8},"end":{"line":88,"column":null}},"36":{"start":{"line":75,"column":10},"end":{"line":75,"column":null}},"37":{"start":{"line":78,"column":31},"end":{"line":78,"column":null}},"38":{"start":{"line":79,"column":10},"end":{"line":79,"column":null}},"39":{"start":{"line":80,"column":10},"end":{"line":80,"column":null}},"40":{"start":{"line":83,"column":10},"end":{"line":83,"column":null}},"41":{"start":{"line":85,"column":10},"end":{"line":85,"column":null}},"42":{"start":{"line":86,"column":10},"end":{"line":86,"column":null}},"43":{"start":{"line":88,"column":10},"end":{"line":88,"column":null}},"44":{"start":{"line":91,"column":8},"end":{"line":91,"column":null}},"45":{"start":{"line":92,"column":8},"end":{"line":92,"column":null}},"46":{"start":{"line":95,"column":8},"end":{"line":95,"column":null}},"47":{"start":{"line":96,"column":8},"end":{"line":96,"column":null}},"48":{"start":{"line":97,"column":8},"end":{"line":97,"column":null}},"49":{"start":{"line":99,"column":8},"end":{"line":100,"column":null}},"50":{"start":{"line":100,"column":10},"end":{"line":100,"column":null}},"51":{"start":{"line":105,"column":4},"end":{"line":105,"column":null}}},"fnMap":{"0":{"name":"(anonymous_0)","decl":{"start":{"line":14,"column":25},"end":{"line":14,"column":29}},"loc":{"start":{"line":14,"column":39},"end":{"line":20,"column":null}},"line":14},"1":{"name":"(anonymous_1)","decl":{"start":{"line":25,"column":6},"end":{"line":25,"column":22}},"loc":{"start":{"line":25,"column":66},"end":{"line":33,"column":null}},"line":25},"2":{"name":"(anonymous_2)","decl":{"start":{"line":26,"column":14},"end":{"line":26,"column":22}},"loc":{"start":{"line":26,"column":30},"end":{"line":32,"column":null}},"line":26},"3":{"name":"(anonymous_3)","decl":{"start":{"line":37,"column":26},"end":{"line":37,"column":null}},"loc":{"start":{"line":38,"column":14},"end":{"line":38,"column":null}},"line":38},"4":{"name":"(anonymous_4)","decl":{"start":{"line":39,"column":2},"end":{"line":39,"column":8}},"loc":{"start":{"line":39,"column":17},"end":{"line":107,"column":null}},"line":39},"5":{"name":"(anonymous_5)","decl":{"start":{"line":54,"column":19},"end":{"line":54,"column":28}},"loc":{"start":{"line":54,"column":48},"end":{"line":56,"column":null}},"line":54},"6":{"name":"(anonymous_6)","decl":{"start":{"line":57,"column":11},"end":{"line":57,"column":16}},"loc":{"start":{"line":57,"column":25},"end":{"line":60,"column":null}},"line":57},"7":{"name":"(anonymous_7)","decl":{"start":{"line":61,"column":11},"end":{"line":61,"column":17}},"loc":{"start":{"line":61,"column":24},"end":{"line":63,"column":null}},"line":61}},"branchMap":{"0":{"loc":{"start":{"line":16,"column":2},"end":{"line":17,"column":null}},"type":"if","locations":[{"start":{"line":16,"column":2},"end":{"line":17,"column":null}},{"start":{},"end":{}}],"line":16},"1":{"loc":{"start":{"line":25,"column":34},"end":{"line":25,"column":66}},"type":"default-arg","locations":[{"start":{"line":25,"column":57},"end":{"line":25,"column":66}}],"line":25},"2":{"loc":{"start":{"line":27,"column":4},"end":{"line":30,"column":null}},"type":"if","locations":[{"start":{"line":27,"column":4},"end":{"line":30,"column":null}},{"start":{"line":29,"column":11},"end":{"line":30,"column":null}}],"line":27},"3":{"loc":{"start":{"line":43,"column":4},"end":{"line":44,"column":null}},"type":"if","locations":[{"start":{"line":43,"column":4},"end":{"line":44,"column":null}},{"start":{},"end":{}}],"line":43},"4":{"loc":{"start":{"line":48,"column":4},"end":{"line":49,"column":null}},"type":"if","locations":[{"start":{"line":48,"column":4},"end":{"line":49,"column":null}},{"start":{},"end":{}}],"line":48},"5":{"loc":{"start":{"line":48,"column":8},"end":{"line":48,"column":102}},"type":"binary-expr","locations":[{"start":{"line":48,"column":8},"end":{"line":48,"column":52}},{"start":{"line":48,"column":56},"end":{"line":48,"column":102}}],"line":48},"6":{"loc":{"start":{"line":52,"column":4},"end":{"line":100,"column":null}},"type":"if","locations":[{"start":{"line":52,"column":4},"end":{"line":100,"column":null}},{"start":{},"end":{}}],"line":52},"7":{"loc":{"start":{"line":52,"column":8},"end":{"line":52,"column":84}},"type":"binary-expr","locations":[{"start":{"line":52,"column":8},"end":{"line":52,"column":26}},{"start":{"line":52,"column":26},"end":{"line":52,"column":59}},{"start":{"line":52,"column":59},"end":{"line":52,"column":84}}],"line":52},"8":{"loc":{"start":{"line":53,"column":6},"end":{"line":63,"column":null}},"type":"if","locations":[{"start":{"line":53,"column":6},"end":{"line":63,"column":null}},{"start":{},"end":{}}],"line":53},"9":{"loc":{"start":{"line":74,"column":8},"end":{"line":88,"column":null}},"type":"if","locations":[{"start":{"line":74,"column":8},"end":{"line":88,"column":null}},{"start":{},"end":{}}],"line":74},"10":{"loc":{"start":{"line":99,"column":8},"end":{"line":100,"column":null}},"type":"if","locations":[{"start":{"line":99,"column":8},"end":{"line":100,"column":null}},{"start":{},"end":{}}],"line":99}},"s":{"0":5,"1":5,"2":5,"3":5,"4":0,"5":0,"6":0,"7":0,"8":5,"9":5,"10":5,"11":0,"12":0,"13":0,"14":0,"15":0,"16":5,"17":0,"18":0,"19":0,"20":0,"21":0,"22":0,"23":0,"24":0,"25":0,"26":0,"27":0,"28":0,"29":0,"30":0,"31":0,"32":0,"33":0,"34":0,"35":0,"36":0,"37":0,"38":0,"39":0,"40":0,"41":0,"42":0,"43":0,"44":0,"45":0,"46":0,"47":0,"48":0,"49":0,"50":0,"51":0},"f":{"0":0,"1":0,"2":0,"3":0,"4":0,"5":0,"6":0,"7":0},"b":{"0":[0,0],"1":[0],"2":[0,0],"3":[0,0],"4":[0,0],"5":[0,0],"6":[0,0],"7":[0,0,0],"8":[0,0],"9":[0,0],"10":[0,0]},"meta":{"lastBranch":11,"lastFunction":8,"lastStatement":52,"seen":{"s:4:19:7:2":0,"s:10:0:10:Infinity":1,"s:11:0:11:Infinity":2,"s:14:0:20:Infinity":3,"f:14:25:14:29":0,"s:15:16:15:47":4,"b:16:2:17:Infinity:undefined:undefined:undefined:undefined":0,"s:16:2:17:Infinity":5,"s:17:4:17:Infinity":6,"s:19:2:19:Infinity":7,"s:22:19:22:Infinity":8,"s:23:25:23:27":9,"s:25:6:33:Infinity":10,"f:25:6:25:22":1,"b:25:57:25:66":1,"s:26:2:32:Infinity":11,"f:26:14:26:22":2,"b:27:4:30:Infinity:29:11:30:Infinity":2,"s:27:4:30:Infinity":12,"s:28:6:28:Infinity":13,"s:30:6:30:Infinity":14,"s:33:2:33:Infinity":15,"s:37:0:107:Infinity":16,"f:37:26:37:Infinity":3,"s:38:14:38:Infinity":17,"f:39:2:39:8":4,"s:40:28:40:Infinity":18,"b:43:4:44:Infinity:undefined:undefined:undefined:undefined":3,"s:43:4:44:Infinity":19,"s:44:6:44:Infinity":20,"b:48:4:49:Infinity:undefined:undefined:undefined:undefined":4,"s:48:4:49:Infinity":21,"b:48:8:48:52:48:56:48:102":5,"s:49:6:49:Infinity":22,"b:52:4:100:Infinity:undefined:undefined:undefined:undefined":6,"s:52:4:100:Infinity":23,"b:52:8:52:26:52:26:52:59:52:59:52:84":7,"b:53:6:63:Infinity:undefined:undefined:undefined:undefined":8,"s:53:6:63:Infinity":24,"s:54:8:63:Infinity":25,"f:54:19:54:28":5,"s:55:10:55:Infinity":26,"f:57:11:57:16":6,"s:58:12:58:Infinity":27,"s:59:12:59:Infinity":28,"f:61:11:61:17":7,"s:62:12:62:Infinity":29,"s:66:6:66:Infinity":30,"s:67:6:67:Infinity":31,"s:69:6:100:Infinity":32,"s:71:25:71:56":33,"s:72:32:72:Infinity":34,"b:74:8:88:Infinity:undefined:undefined:undefined:undefined":9,"s:74:8:88:Infinity":35,"s:75:10:75:Infinity":36,"s:78:31:78:Infinity":37,"s:79:10:79:Infinity":38,"s:80:10:80:Infinity":39,"s:83:10:83:Infinity":40,"s:85:10:85:Infinity":41,"s:86:10:86:Infinity":42,"s:88:10:88:Infinity":43,"s:91:8:91:Infinity":44,"s:92:8:92:Infinity":45,"s:95:8:95:Infinity":46,"s:96:8:96:Infinity":47,"s:97:8:97:Infinity":48,"b:99:8:100:Infinity:undefined:undefined:undefined:undefined":10,"s:99:8:100:Infinity":49,"s:100:10:100:Infinity":50,"s:105:4:105:Infinity":51}}}
,"C:\\Users\\Microsoft\\Desktop\\Sistema-Ilumina\\Front-End-Ilumina\\ilumina\\src\\lib\\socket.ts": {"path":"C:\\Users\\Microsoft\\Desktop\\Sistema-Ilumina\\Front-End-Ilumina\\ilumina\\src\\lib\\socket.ts","statementMap":{"0":{"start":{"line":3,"column":19},"end":{"line":3,"column":null}},"1":{"start":{"line":5,"column":28},"end":{"line":5,"column":null}},"2":{"start":{"line":7,"column":13},"end":{"line":17,"column":null}},"3":{"start":{"line":8,"column":2},"end":{"line":15,"column":null}},"4":{"start":{"line":9,"column":4},"end":{"line":15,"column":null}},"5":{"start":{"line":17,"column":2},"end":{"line":17,"column":null}}},"fnMap":{"0":{"name":"(anonymous_0)","decl":{"start":{"line":7,"column":13},"end":{"line":7,"column":39}},"loc":{"start":{"line":7,"column":39},"end":{"line":17,"column":null}},"line":7}},"branchMap":{"0":{"loc":{"start":{"line":3,"column":19},"end":{"line":3,"column":null}},"type":"binary-expr","locations":[{"start":{"line":3,"column":19},"end":{"line":3,"column":68}},{"start":{"line":3,"column":72},"end":{"line":3,"column":null}}],"line":3},"1":{"loc":{"start":{"line":8,"column":2},"end":{"line":15,"column":null}},"type":"if","locations":[{"start":{"line":8,"column":2},"end":{"line":15,"column":null}},{"start":{},"end":{}}],"line":8}},"s":{"0":1,"1":1,"2":1,"3":1,"4":1,"5":1},"f":{"0":1},"b":{"0":[1,1],"1":[1,0]},"meta":{"lastBranch":2,"lastFunction":1,"lastStatement":6,"seen":{"s:3:19:3:Infinity":0,"b:3:19:3:68:3:72:3:Infinity":0,"s:5:28:5:Infinity":1,"s:7:13:17:Infinity":2,"f:7:13:7:39":0,"b:8:2:15:Infinity:undefined:undefined:undefined:undefined":1,"s:8:2:15:Infinity":3,"s:9:4:15:Infinity":4,"s:17:2:17:Infinity":5}}}
,"C:\\Users\\Microsoft\\Desktop\\Sistema-Ilumina\\Front-End-Ilumina\\ilumina\\src\\lib\\storageService.ts": {"path":"C:\\Users\\Microsoft\\Desktop\\Sistema-Ilumina\\Front-End-Ilumina\\ilumina\\src\\lib\\storageService.ts","statementMap":{"0":{"start":{"line":9,"column":6},"end":{"line":14,"column":null}},"1":{"start":{"line":11,"column":22},"end":{"line":11,"column":null}},"2":{"start":{"line":13,"column":15},"end":{"line":13,"column":null}},"3":{"start":{"line":14,"column":2},"end":{"line":14,"column":null}},"4":{"start":{"line":17,"column":19},"end":{"line":17,"column":37}},"5":{"start":{"line":19,"column":30},"end":{"line":86,"column":null}},"6":{"start":{"line":25,"column":4},"end":{"line":31,"column":null}},"7":{"start":{"line":26,"column":26},"end":{"line":26,"column":83}},"8":{"start":{"line":27,"column":29},"end":{"line":27,"column":85}},"9":{"start":{"line":28,"column":22},"end":{"line":28,"column":null}},"10":{"start":{"line":29,"column":6},"end":{"line":29,"column":null}},"11":{"start":{"line":31,"column":6},"end":{"line":31,"column":null}},"12":{"start":{"line":40,"column":4},"end":{"line":65,"column":null}},"13":{"start":{"line":41,"column":22},"end":{"line":41,"column":null}},"14":{"start":{"line":42,"column":29},"end":{"line":42,"column":49}},"15":{"start":{"line":44,"column":6},"end":{"line":44,"column":null}},"16":{"start":{"line":44,"column":27},"end":{"line":44,"column":null}},"17":{"start":{"line":46,"column":20},"end":{"line":46,"column":68}},"18":{"start":{"line":47,"column":30},"end":{"line":47,"column":63}},"19":{"start":{"line":50,"column":6},"end":{"line":51,"column":null}},"20":{"start":{"line":51,"column":8},"end":{"line":51,"column":null}},"21":{"start":{"line":55,"column":6},"end":{"line":58,"column":null}},"22":{"start":{"line":56,"column":8},"end":{"line":56,"column":null}},"23":{"start":{"line":58,"column":8},"end":{"line":58,"column":null}},"24":{"start":{"line":62,"column":6},"end":{"line":62,"column":null}},"25":{"start":{"line":63,"column":6},"end":{"line":63,"column":null}},"26":{"start":{"line":64,"column":6},"end":{"line":64,"column":null}},"27":{"start":{"line":65,"column":6},"end":{"line":65,"column":null}},"28":{"start":{"line":70,"column":20},"end":{"line":70,"column":null}},"29":{"start":{"line":71,"column":4},"end":{"line":71,"column":null}},"30":{"start":{"line":75,"column":20},"end":{"line":75,"column":null}},"31":{"start":{"line":76,"column":4},"end":{"line":76,"column":null}},"32":{"start":{"line":83,"column":4},"end":{"line":83,"column":null}},"33":{"start":{"line":84,"column":4},"end":{"line":84,"column":null}}},"fnMap":{"0":{"name":"(anonymous_0)","decl":{"start":{"line":9,"column":6},"end":{"line":9,"column":39}},"loc":{"start":{"line":9,"column":39},"end":{"line":14,"column":null}},"line":9},"1":{"name":"(anonymous_1)","decl":{"start":{"line":24,"column":2},"end":{"line":24,"column":10}},"loc":{"start":{"line":24,"column":72},"end":{"line":31,"column":null}},"line":24},"2":{"name":"(anonymous_2)","decl":{"start":{"line":39,"column":2},"end":{"line":39,"column":22}},"loc":{"start":{"line":39,"column":64},"end":{"line":65,"column":null}},"line":39},"3":{"name":"(anonymous_3)","decl":{"start":{"line":69,"column":2},"end":{"line":69,"column":13}},"loc":{"start":{"line":69,"column":51},"end":{"line":71,"column":null}},"line":69},"4":{"name":"(anonymous_4)","decl":{"start":{"line":74,"column":2},"end":{"line":74,"column":8}},"loc":{"start":{"line":74,"column":33},"end":{"line":76,"column":null}},"line":74},"5":{"name":"(anonymous_5)","decl":{"start":{"line":82,"column":2},"end":{"line":82,"column":19}},"loc":{"start":{"line":82,"column":19},"end":{"line":84,"column":null}},"line":82}},"branchMap":{"0":{"loc":{"start":{"line":13,"column":15},"end":{"line":13,"column":null}},"type":"binary-expr","locations":[{"start":{"line":13,"column":15},"end":{"line":13,"column":52}},{"start":{"line":13,"column":52},"end":{"line":13,"column":null}}],"line":13},"1":{"loc":{"start":{"line":24,"column":47},"end":{"line":24,"column":72}},"type":"default-arg","locations":[{"start":{"line":24,"column":59},"end":{"line":24,"column":72}}],"line":24},"2":{"loc":{"start":{"line":26,"column":26},"end":{"line":26,"column":83}},"type":"cond-expr","locations":[{"start":{"line":26,"column":54},"end":{"line":26,"column":62}},{"start":{"line":26,"column":62},"end":{"line":26,"column":83}}],"line":26},"3":{"loc":{"start":{"line":28,"column":22},"end":{"line":28,"column":null}},"type":"cond-expr","locations":[{"start":{"line":28,"column":34},"end":{"line":28,"column":51}},{"start":{"line":28,"column":51},"end":{"line":28,"column":null}}],"line":28},"4":{"loc":{"start":{"line":39,"column":35},"end":{"line":39,"column":64}},"type":"default-arg","locations":[{"start":{"line":39,"column":47},"end":{"line":39,"column":64}}],"line":39},"5":{"loc":{"start":{"line":41,"column":22},"end":{"line":41,"column":null}},"type":"cond-expr","locations":[{"start":{"line":41,"column":34},"end":{"line":41,"column":51}},{"start":{"line":41,"column":51},"end":{"line":41,"column":null}}],"line":41},"6":{"loc":{"start":{"line":44,"column":6},"end":{"line":44,"column":null}},"type":"if","locations":[{"start":{"line":44,"column":6},"end":{"line":44,"column":null}},{"start":{},"end":{}}],"line":44},"7":{"loc":{"start":{"line":50,"column":6},"end":{"line":51,"column":null}},"type":"if","locations":[{"start":{"line":50,"column":6},"end":{"line":51,"column":null}},{"start":{},"end":{}}],"line":50},"8":{"loc":{"start":{"line":69,"column":26},"end":{"line":69,"column":51}},"type":"default-arg","locations":[{"start":{"line":69,"column":38},"end":{"line":69,"column":51}}],"line":69},"9":{"loc":{"start":{"line":70,"column":20},"end":{"line":70,"column":null}},"type":"cond-expr","locations":[{"start":{"line":70,"column":32},"end":{"line":70,"column":49}},{"start":{"line":70,"column":49},"end":{"line":70,"column":null}}],"line":70},"10":{"loc":{"start":{"line":74,"column":8},"end":{"line":74,"column":33}},"type":"default-arg","locations":[{"start":{"line":74,"column":20},"end":{"line":74,"column":33}}],"line":74},"11":{"loc":{"start":{"line":75,"column":20},"end":{"line":75,"column":null}},"type":"cond-expr","locations":[{"start":{"line":75,"column":32},"end":{"line":75,"column":49}},{"start":{"line":75,"column":49},"end":{"line":75,"column":null}}],"line":75}},"s":{"0":7,"1":7,"2":7,"3":7,"4":7,"5":7,"6":9,"7":9,"8":9,"9":9,"10":9,"11":0,"12":21,"13":21,"14":21,"15":21,"16":9,"17":12,"18":12,"19":12,"20":1,"21":11,"22":11,"23":8,"24":1,"25":1,"26":1,"27":1,"28":3,"29":3,"30":0,"31":0,"32":6,"33":6},"f":{"0":7,"1":9,"2":21,"3":3,"4":0,"5":6},"b":{"0":[7,7],"1":[9],"2":[5,4],"3":[0,9],"4":[21],"5":[0,21],"6":[9,12],"7":[1,11],"8":[3],"9":[0,3],"10":[0],"11":[0,0]},"meta":{"lastBranch":12,"lastFunction":6,"lastStatement":34,"seen":{"s:9:6:14:Infinity":0,"f:9:6:9:39":0,"s:11:22:11:Infinity":1,"s:13:15:13:Infinity":2,"b:13:15:13:52:13:52:13:Infinity":0,"s:14:2:14:Infinity":3,"s:17:19:17:37":4,"s:19:30:86:Infinity":5,"f:24:2:24:10":1,"b:24:59:24:72":1,"s:25:4:31:Infinity":6,"s:26:26:26:83":7,"b:26:54:26:62:26:62:26:83":2,"s:27:29:27:85":8,"s:28:22:28:Infinity":9,"b:28:34:28:51:28:51:28:Infinity":3,"s:29:6:29:Infinity":10,"s:31:6:31:Infinity":11,"f:39:2:39:22":2,"b:39:47:39:64":4,"s:40:4:65:Infinity":12,"s:41:22:41:Infinity":13,"b:41:34:41:51:41:51:41:Infinity":5,"s:42:29:42:49":14,"b:44:6:44:Infinity:undefined:undefined:undefined:undefined":6,"s:44:6:44:Infinity":15,"s:44:27:44:Infinity":16,"s:46:20:46:68":17,"s:47:30:47:63":18,"b:50:6:51:Infinity:undefined:undefined:undefined:undefined":7,"s:50:6:51:Infinity":19,"s:51:8:51:Infinity":20,"s:55:6:58:Infinity":21,"s:56:8:56:Infinity":22,"s:58:8:58:Infinity":23,"s:62:6:62:Infinity":24,"s:63:6:63:Infinity":25,"s:64:6:64:Infinity":26,"s:65:6:65:Infinity":27,"f:69:2:69:13":3,"b:69:38:69:51":8,"s:70:20:70:Infinity":28,"b:70:32:70:49:70:49:70:Infinity":9,"s:71:4:71:Infinity":29,"f:74:2:74:8":4,"b:74:20:74:33":10,"s:75:20:75:Infinity":30,"b:75:32:75:49:75:49:75:Infinity":11,"s:76:4:76:Infinity":31,"f:82:2:82:19":5,"s:83:4:83:Infinity":32,"s:84:4:84:Infinity":33}}}
,"C:\\Users\\Microsoft\\Desktop\\Sistema-Ilumina\\Front-End-Ilumina\\ilumina\\src\\lib\\utils.ts": {"path":"C:\\Users\\Microsoft\\Desktop\\Sistema-Ilumina\\Front-End-Ilumina\\ilumina\\src\\lib\\utils.ts","statementMap":{"0":{"start":{"line":5,"column":2},"end":{"line":5,"column":null}}},"fnMap":{"0":{"name":"cn","decl":{"start":{"line":4,"column":16},"end":{"line":4,"column":19}},"loc":{"start":{"line":4,"column":44},"end":{"line":5,"column":null}},"line":4}},"branchMap":{},"s":{"0":11},"f":{"0":11},"b":{},"meta":{"lastBranch":0,"lastFunction":1,"lastStatement":1,"seen":{"f:4:16:4:19":0,"s:5:2:5:Infinity":0}}}
,"C:\\Users\\Microsoft\\Desktop\\Sistema-Ilumina\\Front-End-Ilumina\\ilumina\\src\\routes\\index.tsx": {"path":"C:\\Users\\Microsoft\\Desktop\\Sistema-Ilumina\\Front-End-Ilumina\\ilumina\\src\\routes\\index.tsx","statementMap":{"0":{"start":{"line":20,"column":2},"end":{"line":39,"column":null}}},"fnMap":{"0":{"name":"AppRoutes","decl":{"start":{"line":19,"column":24},"end":{"line":19,"column":36}},"loc":{"start":{"line":19,"column":36},"end":{"line":39,"column":null}},"line":19}},"branchMap":{},"s":{"0":2},"f":{"0":2},"b":{},"meta":{"lastBranch":0,"lastFunction":1,"lastStatement":1,"seen":{"f:19:24:19:36":0,"s:20:2:39:Infinity":0}}}
}
